Build started 4/5/2013 5:48:25 PM.
     1>Project "C:\Users\Chris\Desktop\VRLLib_FS\fftw-3.3-Lib\MSVC2010\libfftw-3.3\libfftw-3.3.vcxproj" on node 2 (build target(s)).
     1>InitializeBuildStatus:
         Creating "x64\Debug\libfftw-3.3.unsuccessfulbuild" because "AlwaysCreate" was specified.
       ClCompile:
         c:\Program Files (x86)\Microsoft Visual Studio 10.0\VC\bin\x86_amd64\CL.exe /c /I"C:\Users\Chris\Desktop\VRLLib_FS\fftw-3.3-Lib\MSVC2010\libfftw-3.3\\" /I"C:\Users\Chris\Desktop\VRLLib_FS\fftw-3.3-Lib\MSVC2010\libfftw-3.3\\..\..\api" /I"C:\Users\Chris\Desktop\VRLLib_FS\fftw-3.3-Lib\MSVC2010\libfftw-3.3\\..\..\kernel" /I"C:\Users\Chris\Desktop\VRLLib_FS\fftw-3.3-Lib\MSVC2010\libfftw-3.3\\..\..\dft" /I"C:\Users\Chris\Desktop\VRLLib_FS\fftw-3.3-Lib\MSVC2010\libfftw-3.3\\..\..\dft\simd" /I"C:\Users\Chris\Desktop\VRLLib_FS\fftw-3.3-Lib\MSVC2010\libfftw-3.3\\..\..\dft\scalar" /I"C:\Users\Chris\Desktop\VRLLib_FS\fftw-3.3-Lib\MSVC2010\libfftw-3.3\\..\..\rdft" /I"C:\Users\Chris\Desktop\VRLLib_FS\fftw-3.3-Lib\MSVC2010\libfftw-3.3\\..\..\rdft\simd" /I"C:\Users\Chris\Desktop\VRLLib_FS\fftw-3.3-Lib\MSVC2010\libfftw-3.3\\..\..\rdft\scalar" /I"C:\Users\Chris\Desktop\VRLLib_FS\fftw-3.3-Lib\MSVC2010\libfftw-3.3\\..\..\reodft" /I"C:\Users\Chris\Desktop\VRLLib_FS\fftw-3.3-Lib\MSVC2010\libfftw-3.3\\..\..\simd-support" /I"C:\Users\Chris\Desktop\VRLLib_FS\fftw-3.3-Lib\MSVC2010\libfftw-3.3\\..\..\threads" /Zi /nologo /W3 /WX- /Od /D FFTW_DLL /D WIN64 /D _WIN64 /D _DEBUG /D _WINDOWS /D _USRDLL /D LIBFFTWF33_EXPORTS /Gm /EHsc /RTC1 /MTd /GS /fp:precise /Zc:wchar_t /Zc:forScope /openmp /Fo"x64\Debug\api\\" /Fd"x64\Debug\vc100.pdb" /Gd /TC /errorReport:prompt ..\..\api\apiplan.c ..\..\api\configure.c "..\..\api\execute-dft-c2r.c" "..\..\api\execute-dft-r2c.c" "..\..\api\execute-dft.c" "..\..\api\execute-r2r.c" "..\..\api\execute-split-dft-c2r.c" "..\..\api\execute-split-dft-r2c.c" "..\..\api\execute-split-dft.c" ..\..\api\execute.c "..\..\api\export-wisdom-to-file.c" "..\..\api\export-wisdom-to-string.c" "..\..\api\export-wisdom.c" ..\..\api\f77api.c ..\..\api\flops.c "..\..\api\forget-wisdom.c" "..\..\api\import-system-wisdom.c" "..\..\api\import-wisdom-from-file.c" "..\..\api\import-wisdom-from-string.c" "..\..\api\import-wisdom.c" ..\..\api\malloc.c "..\..\api\map-r2r-kind.c" ..\..\api\mapflags.c "..\..\api\mkprinter-file.c" "..\..\api\mktensor-iodims.c" "..\..\api\mktensor-iodims64.c" "..\..\api\mktensor-rowmajor.c" "..\..\api\plan-dft-1d.c" "..\..\api\plan-dft-2d.c" "..\..\api\plan-dft-3d.c" "..\..\api\plan-dft-c2r-1d.c" "..\..\api\plan-dft-c2r-2d.c" "..\..\api\plan-dft-c2r-3d.c" "..\..\api\plan-dft-c2r.c" "..\..\api\plan-dft-r2c-1d.c" "..\..\api\plan-dft-r2c-2d.c" "..\..\api\plan-dft-r2c-3d.c" "..\..\api\plan-dft-r2c.c" "..\..\api\plan-dft.c" "..\..\api\plan-guru-dft-c2r.c" "..\..\api\plan-guru-dft-r2c.c" "..\..\api\plan-guru-dft.c" "..\..\api\plan-guru-r2r.c" "..\..\api\plan-guru-split-dft-c2r.c" "..\..\api\plan-guru-split-dft-r2c.c" "..\..\api\plan-guru-split-dft.c" "..\..\api\plan-guru64-dft-c2r.c" "..\..\api\plan-guru64-dft-r2c.c" "..\..\api\plan-guru64-dft.c" "..\..\api\plan-guru64-r2r.c" "..\..\api\plan-guru64-split-dft-c2r.c" "..\..\api\plan-guru64-split-dft-r2c.c" "..\..\api\plan-guru64-split-dft.c" "..\..\api\plan-many-dft-c2r.c" "..\..\api\plan-many-dft-r2c.c" "..\..\api\plan-many-dft.c" "..\..\api\plan-many-r2r.c" "..\..\api\plan-r2r-1d.c" "..\..\api\plan-r2r-2d.c" "..\..\api\plan-r2r-3d.c" "..\..\api\plan-r2r.c" "..\..\api\print-plan.c" "..\..\api\rdft2-pad.c" "..\..\api\the-planner.c" ..\..\api\version.c
         version.c
         the-planner.c
         rdft2-pad.c
         print-plan.c
         plan-r2r.c
         plan-r2r-3d.c
         plan-r2r-2d.c
         plan-r2r-1d.c
         plan-many-r2r.c
         plan-many-dft.c
         plan-many-dft-r2c.c
         plan-many-dft-c2r.c
         plan-guru64-split-dft.c
         plan-guru64-split-dft-r2c.c
         plan-guru64-split-dft-c2r.c
         plan-guru64-r2r.c
         plan-guru64-dft.c
         plan-guru64-dft-r2c.c
         plan-guru64-dft-c2r.c
         plan-guru-split-dft.c
         Generating Code...
         Compiling...
         plan-guru-split-dft-r2c.c
         plan-guru-split-dft-c2r.c
         plan-guru-r2r.c
         plan-guru-dft.c
         plan-guru-dft-r2c.c
         plan-guru-dft-c2r.c
         plan-dft.c
         plan-dft-r2c.c
         plan-dft-r2c-3d.c
         plan-dft-r2c-2d.c
         plan-dft-r2c-1d.c
         plan-dft-c2r.c
         plan-dft-c2r-3d.c
         plan-dft-c2r-2d.c
         plan-dft-c2r-1d.c
         plan-dft-3d.c
         plan-dft-2d.c
         plan-dft-1d.c
         mktensor-rowmajor.c
         mktensor-iodims64.c
         Generating Code...
         Compiling...
         mktensor-iodims.c
         mkprinter-file.c
         mapflags.c
         map-r2r-kind.c
         malloc.c
         import-wisdom.c
         import-wisdom-from-string.c
         import-wisdom-from-file.c
     1>..\..\api\import-wisdom-from-file.c(75): warning C4996: 'fopen': This function or variable may be unsafe. Consider using fopen_s instead. To disable deprecation, use _CRT_SECURE_NO_WARNINGS. See online help for details.
                 c:\Program Files (x86)\Microsoft Visual Studio 10.0\VC\include\stdio.h(234) : see declaration of 'fopen'
         import-system-wisdom.c
         forget-wisdom.c
         flops.c
         f77api.c
         export-wisdom.c
         export-wisdom-to-string.c
         export-wisdom-to-file.c
     1>..\..\api\export-wisdom-to-file.c(33): warning C4996: 'fopen': This function or variable may be unsafe. Consider using fopen_s instead. To disable deprecation, use _CRT_SECURE_NO_WARNINGS. See online help for details.
                 c:\Program Files (x86)\Microsoft Visual Studio 10.0\VC\include\stdio.h(234) : see declaration of 'fopen'
         execute.c
         execute-split-dft.c
         execute-split-dft-r2c.c
         execute-split-dft-c2r.c
         execute-r2r.c
         Generating Code...
         Compiling...
         execute-dft.c
         execute-dft-r2c.c
         execute-dft-c2r.c
         configure.c
         apiplan.c
         Generating Code...
         c:\Program Files (x86)\Microsoft Visual Studio 10.0\VC\bin\x86_amd64\CL.exe /c /I"C:\Users\Chris\Desktop\VRLLib_FS\fftw-3.3-Lib\MSVC2010\libfftw-3.3\\" /I"C:\Users\Chris\Desktop\VRLLib_FS\fftw-3.3-Lib\MSVC2010\libfftw-3.3\\..\..\api" /I"C:\Users\Chris\Desktop\VRLLib_FS\fftw-3.3-Lib\MSVC2010\libfftw-3.3\\..\..\kernel" /I"C:\Users\Chris\Desktop\VRLLib_FS\fftw-3.3-Lib\MSVC2010\libfftw-3.3\\..\..\dft" /I"C:\Users\Chris\Desktop\VRLLib_FS\fftw-3.3-Lib\MSVC2010\libfftw-3.3\\..\..\dft\simd" /I"C:\Users\Chris\Desktop\VRLLib_FS\fftw-3.3-Lib\MSVC2010\libfftw-3.3\\..\..\dft\scalar" /I"C:\Users\Chris\Desktop\VRLLib_FS\fftw-3.3-Lib\MSVC2010\libfftw-3.3\\..\..\rdft" /I"C:\Users\Chris\Desktop\VRLLib_FS\fftw-3.3-Lib\MSVC2010\libfftw-3.3\\..\..\rdft\simd" /I"C:\Users\Chris\Desktop\VRLLib_FS\fftw-3.3-Lib\MSVC2010\libfftw-3.3\\..\..\rdft\scalar" /I"C:\Users\Chris\Desktop\VRLLib_FS\fftw-3.3-Lib\MSVC2010\libfftw-3.3\\..\..\reodft" /I"C:\Users\Chris\Desktop\VRLLib_FS\fftw-3.3-Lib\MSVC2010\libfftw-3.3\\..\..\simd-support" /I"C:\Users\Chris\Desktop\VRLLib_FS\fftw-3.3-Lib\MSVC2010\libfftw-3.3\\..\..\threads" /Zi /nologo /W3 /WX- /Od /D FFTW_DLL /D WIN64 /D _WIN64 /D _DEBUG /D _WINDOWS /D _USRDLL /D LIBFFTWF33_EXPORTS /Gm /EHsc /RTC1 /MTd /GS /fp:precise /Zc:wchar_t /Zc:forScope /openmp /Fo"x64\Debug\dft\\" /Fd"x64\Debug\vc100.pdb" /Gd /TC /errorReport:prompt ..\..\dft\bluestein.c ..\..\dft\buffered.c ..\..\dft\conf.c ..\..\dft\ct.c "..\..\dft\dftw-direct.c" "..\..\dft\dftw-directsq.c" "..\..\dft\dftw-generic.c" "..\..\dft\dftw-genericbuf.c" ..\..\dft\direct.c ..\..\dft\generic.c "..\..\dft\indirect-transpose.c" ..\..\dft\indirect.c "..\..\dft\kdft-dif.c" "..\..\dft\kdft-difsq.c" "..\..\dft\kdft-dit.c" ..\..\dft\kdft.c ..\..\dft\nop.c ..\..\dft\plan.c ..\..\dft\problem.c ..\..\dft\rader.c "..\..\dft\rank-geq2.c" ..\..\dft\solve.c "..\..\dft\vrank-geq1.c" ..\..\dft\zero.c
         zero.c
         vrank-geq1.c
         solve.c
         rank-geq2.c
         rader.c
         problem.c
         plan.c
         nop.c
         kdft.c
         kdft-dit.c
         kdft-difsq.c
         kdft-dif.c
         indirect.c
         indirect-transpose.c
         generic.c
     1>..\..\dft\generic.c(149): warning C4244: '=' : conversion from 'INT' to 'double', possible loss of data
     1>..\..\dft\generic.c(151): warning C4244: '=' : conversion from 'INT' to 'double', possible loss of data
         direct.c
         dftw-genericbuf.c
     1>..\..\dft\dftw-genericbuf.c(195): warning C4244: 'initializing' : conversion from 'INT' to 'double', possible loss of data
         dftw-generic.c
     1>..\..\dft\dftw-generic.c(177): warning C4244: 'initializing' : conversion from 'INT' to 'double', possible loss of data
         dftw-directsq.c
         dftw-direct.c
         Generating Code...
         Compiling...
         ct.c
         conf.c
         buffered.c
     1>..\..\dft\buffered.c(283): warning C4267: 'function' : conversion from 'size_t' to 'int', possible loss of data
         bluestein.c
         Generating Code...
         c:\Program Files (x86)\Microsoft Visual Studio 10.0\VC\bin\x86_amd64\CL.exe /c /I"C:\Users\Chris\Desktop\VRLLib_FS\fftw-3.3-Lib\MSVC2010\libfftw-3.3\\" /I"C:\Users\Chris\Desktop\VRLLib_FS\fftw-3.3-Lib\MSVC2010\libfftw-3.3\\..\..\api" /I"C:\Users\Chris\Desktop\VRLLib_FS\fftw-3.3-Lib\MSVC2010\libfftw-3.3\\..\..\kernel" /I"C:\Users\Chris\Desktop\VRLLib_FS\fftw-3.3-Lib\MSVC2010\libfftw-3.3\\..\..\dft" /I"C:\Users\Chris\Desktop\VRLLib_FS\fftw-3.3-Lib\MSVC2010\libfftw-3.3\\..\..\dft\simd" /I"C:\Users\Chris\Desktop\VRLLib_FS\fftw-3.3-Lib\MSVC2010\libfftw-3.3\\..\..\dft\scalar" /I"C:\Users\Chris\Desktop\VRLLib_FS\fftw-3.3-Lib\MSVC2010\libfftw-3.3\\..\..\rdft" /I"C:\Users\Chris\Desktop\VRLLib_FS\fftw-3.3-Lib\MSVC2010\libfftw-3.3\\..\..\rdft\simd" /I"C:\Users\Chris\Desktop\VRLLib_FS\fftw-3.3-Lib\MSVC2010\libfftw-3.3\\..\..\rdft\scalar" /I"C:\Users\Chris\Desktop\VRLLib_FS\fftw-3.3-Lib\MSVC2010\libfftw-3.3\\..\..\reodft" /I"C:\Users\Chris\Desktop\VRLLib_FS\fftw-3.3-Lib\MSVC2010\libfftw-3.3\\..\..\simd-support" /I"C:\Users\Chris\Desktop\VRLLib_FS\fftw-3.3-Lib\MSVC2010\libfftw-3.3\\..\..\threads" /Zi /nologo /W3 /WX- /Od /D FFTW_DLL /D WIN64 /D _WIN64 /D _DEBUG /D _WINDOWS /D _USRDLL /D LIBFFTWF33_EXPORTS /Gm /EHsc /RTC1 /MTd /GS /fp:precise /Zc:wchar_t /Zc:forScope /openmp /Fo"x64\Debug\dft\scalar\codelets\\" /Fd"x64\Debug\vc100.pdb" /Gd /TC /errorReport:prompt ..\..\dft\scalar\codelets\codlist.c ..\..\dft\scalar\codelets\n1_10.c ..\..\dft\scalar\codelets\n1_11.c ..\..\dft\scalar\codelets\n1_12.c ..\..\dft\scalar\codelets\n1_13.c ..\..\dft\scalar\codelets\n1_14.c ..\..\dft\scalar\codelets\n1_15.c ..\..\dft\scalar\codelets\n1_16.c ..\..\dft\scalar\codelets\n1_2.c ..\..\dft\scalar\codelets\n1_20.c ..\..\dft\scalar\codelets\n1_25.c ..\..\dft\scalar\codelets\n1_3.c ..\..\dft\scalar\codelets\n1_32.c ..\..\dft\scalar\codelets\n1_4.c ..\..\dft\scalar\codelets\n1_5.c ..\..\dft\scalar\codelets\n1_6.c ..\..\dft\scalar\codelets\n1_64.c ..\..\dft\scalar\codelets\n1_7.c ..\..\dft\scalar\codelets\n1_8.c ..\..\dft\scalar\codelets\n1_9.c ..\..\dft\scalar\codelets\q1_2.c ..\..\dft\scalar\codelets\q1_3.c ..\..\dft\scalar\codelets\q1_4.c ..\..\dft\scalar\codelets\q1_5.c ..\..\dft\scalar\codelets\q1_6.c ..\..\dft\scalar\codelets\q1_8.c ..\..\dft\scalar\codelets\t1_10.c ..\..\dft\scalar\codelets\t1_12.c ..\..\dft\scalar\codelets\t1_15.c ..\..\dft\scalar\codelets\t1_16.c ..\..\dft\scalar\codelets\t1_2.c ..\..\dft\scalar\codelets\t1_20.c ..\..\dft\scalar\codelets\t1_25.c ..\..\dft\scalar\codelets\t1_3.c ..\..\dft\scalar\codelets\t1_32.c ..\..\dft\scalar\codelets\t1_4.c ..\..\dft\scalar\codelets\t1_5.c ..\..\dft\scalar\codelets\t1_6.c ..\..\dft\scalar\codelets\t1_64.c ..\..\dft\scalar\codelets\t1_7.c ..\..\dft\scalar\codelets\t1_8.c ..\..\dft\scalar\codelets\t1_9.c ..\..\dft\scalar\codelets\t2_10.c ..\..\dft\scalar\codelets\t2_16.c ..\..\dft\scalar\codelets\t2_20.c ..\..\dft\scalar\codelets\t2_25.c ..\..\dft\scalar\codelets\t2_32.c ..\..\dft\scalar\codelets\t2_4.c ..\..\dft\scalar\codelets\t2_5.c ..\..\dft\scalar\codelets\t2_64.c ..\..\dft\scalar\codelets\t2_8.c
         t2_8.c
         t2_64.c
         t2_5.c
         t2_4.c
         t2_32.c
         t2_25.c
         t2_20.c
         t2_16.c
         t2_10.c
         t1_9.c
         t1_8.c
         t1_7.c
         t1_64.c
         t1_6.c
         t1_5.c
         t1_4.c
         t1_32.c
         t1_3.c
         t1_25.c
         t1_20.c
         Generating Code...
         Compiling...
         t1_2.c
         t1_16.c
         t1_15.c
         t1_12.c
         t1_10.c
         q1_8.c
         q1_6.c
         q1_5.c
         q1_4.c
         q1_3.c
         q1_2.c
         n1_9.c
         n1_8.c
         n1_7.c
         n1_64.c
         n1_6.c
         n1_5.c
         n1_4.c
         n1_32.c
         n1_3.c
         Generating Code...
         Compiling...
         n1_25.c
         n1_20.c
         n1_2.c
         n1_16.c
         n1_15.c
         n1_14.c
         n1_13.c
         n1_12.c
         n1_11.c
         n1_10.c
         codlist.c
         Generating Code...
         c:\Program Files (x86)\Microsoft Visual Studio 10.0\VC\bin\x86_amd64\CL.exe /c /I"C:\Users\Chris\Desktop\VRLLib_FS\fftw-3.3-Lib\MSVC2010\libfftw-3.3\\" /I"C:\Users\Chris\Desktop\VRLLib_FS\fftw-3.3-Lib\MSVC2010\libfftw-3.3\\..\..\api" /I"C:\Users\Chris\Desktop\VRLLib_FS\fftw-3.3-Lib\MSVC2010\libfftw-3.3\\..\..\kernel" /I"C:\Users\Chris\Desktop\VRLLib_FS\fftw-3.3-Lib\MSVC2010\libfftw-3.3\\..\..\dft" /I"C:\Users\Chris\Desktop\VRLLib_FS\fftw-3.3-Lib\MSVC2010\libfftw-3.3\\..\..\dft\simd" /I"C:\Users\Chris\Desktop\VRLLib_FS\fftw-3.3-Lib\MSVC2010\libfftw-3.3\\..\..\dft\scalar" /I"C:\Users\Chris\Desktop\VRLLib_FS\fftw-3.3-Lib\MSVC2010\libfftw-3.3\\..\..\rdft" /I"C:\Users\Chris\Desktop\VRLLib_FS\fftw-3.3-Lib\MSVC2010\libfftw-3.3\\..\..\rdft\simd" /I"C:\Users\Chris\Desktop\VRLLib_FS\fftw-3.3-Lib\MSVC2010\libfftw-3.3\\..\..\rdft\scalar" /I"C:\Users\Chris\Desktop\VRLLib_FS\fftw-3.3-Lib\MSVC2010\libfftw-3.3\\..\..\reodft" /I"C:\Users\Chris\Desktop\VRLLib_FS\fftw-3.3-Lib\MSVC2010\libfftw-3.3\\..\..\simd-support" /I"C:\Users\Chris\Desktop\VRLLib_FS\fftw-3.3-Lib\MSVC2010\libfftw-3.3\\..\..\threads" /Zi /nologo /W3 /WX- /Od /D FFTW_DLL /D WIN64 /D _WIN64 /D _DEBUG /D _WINDOWS /D _USRDLL /D LIBFFTWF33_EXPORTS /Gm /EHsc /RTC1 /MTd /GS /fp:precise /Zc:wchar_t /Zc:forScope /openmp /Fo"x64\Debug\dft\scalar\\" /Fd"x64\Debug\vc100.pdb" /Gd /TC /errorReport:prompt ..\..\dft\scalar\n.c ..\..\dft\scalar\t.c
         t.c
         n.c
         Generating Code...
         c:\Program Files (x86)\Microsoft Visual Studio 10.0\VC\bin\x86_amd64\CL.exe /c /I"C:\Users\Chris\Desktop\VRLLib_FS\fftw-3.3-Lib\MSVC2010\libfftw-3.3\\" /I"C:\Users\Chris\Desktop\VRLLib_FS\fftw-3.3-Lib\MSVC2010\libfftw-3.3\\..\..\api" /I"C:\Users\Chris\Desktop\VRLLib_FS\fftw-3.3-Lib\MSVC2010\libfftw-3.3\\..\..\kernel" /I"C:\Users\Chris\Desktop\VRLLib_FS\fftw-3.3-Lib\MSVC2010\libfftw-3.3\\..\..\dft" /I"C:\Users\Chris\Desktop\VRLLib_FS\fftw-3.3-Lib\MSVC2010\libfftw-3.3\\..\..\dft\simd" /I"C:\Users\Chris\Desktop\VRLLib_FS\fftw-3.3-Lib\MSVC2010\libfftw-3.3\\..\..\dft\scalar" /I"C:\Users\Chris\Desktop\VRLLib_FS\fftw-3.3-Lib\MSVC2010\libfftw-3.3\\..\..\rdft" /I"C:\Users\Chris\Desktop\VRLLib_FS\fftw-3.3-Lib\MSVC2010\libfftw-3.3\\..\..\rdft\simd" /I"C:\Users\Chris\Desktop\VRLLib_FS\fftw-3.3-Lib\MSVC2010\libfftw-3.3\\..\..\rdft\scalar" /I"C:\Users\Chris\Desktop\VRLLib_FS\fftw-3.3-Lib\MSVC2010\libfftw-3.3\\..\..\reodft" /I"C:\Users\Chris\Desktop\VRLLib_FS\fftw-3.3-Lib\MSVC2010\libfftw-3.3\\..\..\simd-support" /I"C:\Users\Chris\Desktop\VRLLib_FS\fftw-3.3-Lib\MSVC2010\libfftw-3.3\\..\..\threads" /Zi /nologo /W3 /WX- /Od /D FFTW_DLL /D WIN64 /D _WIN64 /D _DEBUG /D _WINDOWS /D _USRDLL /D LIBFFTWF33_EXPORTS /Gm /EHsc /RTC1 /MTd /GS /fp:precise /Zc:wchar_t /Zc:forScope /openmp /Fo"x64\Debug\dft\simd\sse2\\" /Fd"x64\Debug\vc100.pdb" /Gd /TC /errorReport:prompt ..\..\dft\simd\sse2\codlist.c ..\..\dft\simd\sse2\genus.c ..\..\dft\simd\sse2\n1bv_10.c ..\..\dft\simd\sse2\n1bv_11.c ..\..\dft\simd\sse2\n1bv_12.c ..\..\dft\simd\sse2\n1bv_128.c ..\..\dft\simd\sse2\n1bv_13.c ..\..\dft\simd\sse2\n1bv_14.c ..\..\dft\simd\sse2\n1bv_15.c ..\..\dft\simd\sse2\n1bv_16.c ..\..\dft\simd\sse2\n1bv_2.c ..\..\dft\simd\sse2\n1bv_20.c ..\..\dft\simd\sse2\n1bv_25.c ..\..\dft\simd\sse2\n1bv_3.c ..\..\dft\simd\sse2\n1bv_32.c ..\..\dft\simd\sse2\n1bv_4.c ..\..\dft\simd\sse2\n1bv_5.c ..\..\dft\simd\sse2\n1bv_6.c ..\..\dft\simd\sse2\n1bv_64.c ..\..\dft\simd\sse2\n1bv_7.c ..\..\dft\simd\sse2\n1bv_8.c ..\..\dft\simd\sse2\n1bv_9.c ..\..\dft\simd\sse2\n1fv_10.c ..\..\dft\simd\sse2\n1fv_11.c ..\..\dft\simd\sse2\n1fv_12.c ..\..\dft\simd\sse2\n1fv_128.c ..\..\dft\simd\sse2\n1fv_13.c ..\..\dft\simd\sse2\n1fv_14.c ..\..\dft\simd\sse2\n1fv_15.c ..\..\dft\simd\sse2\n1fv_16.c ..\..\dft\simd\sse2\n1fv_2.c ..\..\dft\simd\sse2\n1fv_20.c ..\..\dft\simd\sse2\n1fv_25.c ..\..\dft\simd\sse2\n1fv_3.c ..\..\dft\simd\sse2\n1fv_32.c ..\..\dft\simd\sse2\n1fv_4.c ..\..\dft\simd\sse2\n1fv_5.c ..\..\dft\simd\sse2\n1fv_6.c ..\..\dft\simd\sse2\n1fv_64.c ..\..\dft\simd\sse2\n1fv_7.c ..\..\dft\simd\sse2\n1fv_8.c ..\..\dft\simd\sse2\n1fv_9.c ..\..\dft\simd\sse2\n2bv_10.c ..\..\dft\simd\sse2\n2bv_12.c ..\..\dft\simd\sse2\n2bv_14.c ..\..\dft\simd\sse2\n2bv_16.c ..\..\dft\simd\sse2\n2bv_2.c ..\..\dft\simd\sse2\n2bv_20.c ..\..\dft\simd\sse2\n2bv_32.c ..\..\dft\simd\sse2\n2bv_4.c ..\..\dft\simd\sse2\n2bv_6.c ..\..\dft\simd\sse2\n2bv_64.c ..\..\dft\simd\sse2\n2bv_8.c ..\..\dft\simd\sse2\n2fv_10.c ..\..\dft\simd\sse2\n2fv_12.c ..\..\dft\simd\sse2\n2fv_14.c ..\..\dft\simd\sse2\n2fv_16.c ..\..\dft\simd\sse2\n2fv_2.c ..\..\dft\simd\sse2\n2fv_20.c ..\..\dft\simd\sse2\n2fv_32.c ..\..\dft\simd\sse2\n2fv_4.c ..\..\dft\simd\sse2\n2fv_6.c ..\..\dft\simd\sse2\n2fv_64.c ..\..\dft\simd\sse2\n2fv_8.c ..\..\dft\simd\sse2\n2sv_16.c ..\..\dft\simd\sse2\n2sv_32.c ..\..\dft\simd\sse2\n2sv_4.c ..\..\dft\simd\sse2\n2sv_64.c ..\..\dft\simd\sse2\n2sv_8.c ..\..\dft\simd\sse2\q1bv_2.c ..\..\dft\simd\sse2\q1bv_4.c ..\..\dft\simd\sse2\q1bv_5.c ..\..\dft\simd\sse2\q1bv_8.c ..\..\dft\simd\sse2\q1fv_2.c ..\..\dft\simd\sse2\q1fv_4.c ..\..\dft\simd\sse2\q1fv_5.c ..\..\dft\simd\sse2\q1fv_8.c ..\..\dft\simd\sse2\t1buv_10.c ..\..\dft\simd\sse2\t1buv_2.c ..\..\dft\simd\sse2\t1buv_3.c ..\..\dft\simd\sse2\t1buv_4.c ..\..\dft\simd\sse2\t1buv_5.c ..\..\dft\simd\sse2\t1buv_6.c ..\..\dft\simd\sse2\t1buv_7.c ..\..\dft\simd\sse2\t1buv_8.c ..\..\dft\simd\sse2\t1buv_9.c ..\..\dft\simd\sse2\t1bv_10.c ..\..\dft\simd\sse2\t1bv_12.c ..\..\dft\simd\sse2\t1bv_15.c ..\..\dft\simd\sse2\t1bv_16.c ..\..\dft\simd\sse2\t1bv_2.c ..\..\dft\simd\sse2\t1bv_20.c ..\..\dft\simd\sse2\t1bv_25.c ..\..\dft\simd\sse2\t1bv_3.c ..\..\dft\simd\sse2\t1bv_32.c ..\..\dft\simd\sse2\t1bv_4.c ..\..\dft\simd\sse2\t1bv_5.c ..\..\dft\simd\sse2\t1bv_6.c ..\..\dft\simd\sse2\t1bv_64.c ..\..\dft\simd\sse2\t1bv_7.c ..\..\dft\simd\sse2\t1bv_8.c ..\..\dft\simd\sse2\t1bv_9.c ..\..\dft\simd\sse2\t1fuv_10.c ..\..\dft\simd\sse2\t1fuv_2.c ..\..\dft\simd\sse2\t1fuv_3.c ..\..\dft\simd\sse2\t1fuv_4.c ..\..\dft\simd\sse2\t1fuv_5.c ..\..\dft\simd\sse2\t1fuv_6.c ..\..\dft\simd\sse2\t1fuv_7.c ..\..\dft\simd\sse2\t1fuv_8.c ..\..\dft\simd\sse2\t1fuv_9.c ..\..\dft\simd\sse2\t1fv_10.c ..\..\dft\simd\sse2\t1fv_12.c ..\..\dft\simd\sse2\t1fv_15.c ..\..\dft\simd\sse2\t1fv_16.c ..\..\dft\simd\sse2\t1fv_2.c ..\..\dft\simd\sse2\t1fv_20.c ..\..\dft\simd\sse2\t1fv_25.c ..\..\dft\simd\sse2\t1fv_3.c ..\..\dft\simd\sse2\t1fv_32.c ..\..\dft\simd\sse2\t1fv_4.c ..\..\dft\simd\sse2\t1fv_5.c ..\..\dft\simd\sse2\t1fv_6.c ..\..\dft\simd\sse2\t1fv_64.c ..\..\dft\simd\sse2\t1fv_7.c ..\..\dft\simd\sse2\t1fv_8.c ..\..\dft\simd\sse2\t1fv_9.c ..\..\dft\simd\sse2\t1sv_16.c ..\..\dft\simd\sse2\t1sv_2.c ..\..\dft\simd\sse2\t1sv_32.c ..\..\dft\simd\sse2\t1sv_4.c ..\..\dft\simd\sse2\t1sv_8.c ..\..\dft\simd\sse2\t2bv_10.c ..\..\dft\simd\sse2\t2bv_16.c ..\..\dft\simd\sse2\t2bv_2.c ..\..\dft\simd\sse2\t2bv_20.c ..\..\dft\simd\sse2\t2bv_25.c ..\..\dft\simd\sse2\t2bv_32.c ..\..\dft\simd\sse2\t2bv_4.c ..\..\dft\simd\sse2\t2bv_5.c ..\..\dft\simd\sse2\t2bv_64.c ..\..\dft\simd\sse2\t2bv_8.c ..\..\dft\simd\sse2\t2fv_10.c ..\..\dft\simd\sse2\t2fv_16.c ..\..\dft\simd\sse2\t2fv_2.c ..\..\dft\simd\sse2\t2fv_20.c ..\..\dft\simd\sse2\t2fv_25.c ..\..\dft\simd\sse2\t2fv_32.c ..\..\dft\simd\sse2\t2fv_4.c ..\..\dft\simd\sse2\t2fv_5.c ..\..\dft\simd\sse2\t2fv_64.c ..\..\dft\simd\sse2\t2fv_8.c ..\..\dft\simd\sse2\t2sv_16.c ..\..\dft\simd\sse2\t2sv_32.c ..\..\dft\simd\sse2\t2sv_4.c ..\..\dft\simd\sse2\t2sv_8.c ..\..\dft\simd\sse2\t3bv_10.c ..\..\dft\simd\sse2\t3bv_16.c ..\..\dft\simd\sse2\t3bv_20.c ..\..\dft\simd\sse2\t3bv_25.c ..\..\dft\simd\sse2\t3bv_32.c ..\..\dft\simd\sse2\t3bv_4.c ..\..\dft\simd\sse2\t3bv_5.c ..\..\dft\simd\sse2\t3bv_8.c ..\..\dft\simd\sse2\t3fv_10.c ..\..\dft\simd\sse2\t3fv_16.c ..\..\dft\simd\sse2\t3fv_20.c ..\..\dft\simd\sse2\t3fv_25.c ..\..\dft\simd\sse2\t3fv_32.c ..\..\dft\simd\sse2\t3fv_4.c ..\..\dft\simd\sse2\t3fv_5.c ..\..\dft\simd\sse2\t3fv_8.c
         t3fv_8.c
         t3fv_5.c
         t3fv_4.c
         t3fv_32.c
         t3fv_25.c
         t3fv_20.c
         t3fv_16.c
         t3fv_10.c
         t3bv_8.c
         t3bv_5.c
         t3bv_4.c
         t3bv_32.c
         t3bv_25.c
         t3bv_20.c
         t3bv_16.c
         t3bv_10.c
         t2sv_8.c
         t2sv_4.c
         t2sv_32.c
         t2sv_16.c
         Generating Code...
         Compiling...
         t2fv_8.c
         t2fv_64.c
         t2fv_5.c
         t2fv_4.c
         t2fv_32.c
         t2fv_25.c
         t2fv_20.c
         t2fv_2.c
         t2fv_16.c
         t2fv_10.c
         t2bv_8.c
         t2bv_64.c
         t2bv_5.c
         t2bv_4.c
         t2bv_32.c
         t2bv_25.c
         t2bv_20.c
         t2bv_2.c
         t2bv_16.c
         t2bv_10.c
         Generating Code...
         Compiling...
         t1sv_8.c
         t1sv_4.c
         t1sv_32.c
         t1sv_2.c
         t1sv_16.c
         t1fv_9.c
         t1fv_8.c
         t1fv_7.c
         t1fv_64.c
         t1fv_6.c
         t1fv_5.c
         t1fv_4.c
         t1fv_32.c
         t1fv_3.c
         t1fv_25.c
         t1fv_20.c
         t1fv_2.c
         t1fv_16.c
         t1fv_15.c
         t1fv_12.c
         Generating Code...
         Compiling...
         t1fv_10.c
         t1fuv_9.c
         t1fuv_8.c
         t1fuv_7.c
         t1fuv_6.c
         t1fuv_5.c
         t1fuv_4.c
         t1fuv_3.c
         t1fuv_2.c
         t1fuv_10.c
         t1bv_9.c
         t1bv_8.c
         t1bv_7.c
         t1bv_64.c
         t1bv_6.c
         t1bv_5.c
         t1bv_4.c
         t1bv_32.c
         t1bv_3.c
         t1bv_25.c
         Generating Code...
         Compiling...
         t1bv_20.c
         t1bv_2.c
         t1bv_16.c
         t1bv_15.c
         t1bv_12.c
         t1bv_10.c
         t1buv_9.c
         t1buv_8.c
         t1buv_7.c
         t1buv_6.c
         t1buv_5.c
         t1buv_4.c
         t1buv_3.c
         t1buv_2.c
         t1buv_10.c
         q1fv_8.c
         q1fv_5.c
         q1fv_4.c
         q1fv_2.c
         q1bv_8.c
         Generating Code...
         Compiling...
         q1bv_5.c
         q1bv_4.c
         q1bv_2.c
         n2sv_8.c
         n2sv_64.c
         n2sv_4.c
         n2sv_32.c
         n2sv_16.c
         n2fv_8.c
         n2fv_64.c
         n2fv_6.c
         n2fv_4.c
         n2fv_32.c
         n2fv_20.c
         n2fv_2.c
         n2fv_16.c
         n2fv_14.c
         n2fv_12.c
         n2fv_10.c
         n2bv_8.c
         Generating Code...
         Compiling...
         n2bv_64.c
         n2bv_6.c
         n2bv_4.c
         n2bv_32.c
         n2bv_20.c
         n2bv_2.c
         n2bv_16.c
         n2bv_14.c
         n2bv_12.c
         n2bv_10.c
         n1fv_9.c
         n1fv_8.c
         n1fv_7.c
         n1fv_64.c
         n1fv_6.c
         n1fv_5.c
         n1fv_4.c
         n1fv_32.c
         n1fv_3.c
         n1fv_25.c
         Generating Code...
         Compiling...
         n1fv_20.c
         n1fv_2.c
         n1fv_16.c
         n1fv_15.c
         n1fv_14.c
         n1fv_13.c
         n1fv_128.c
         n1fv_12.c
         n1fv_11.c
         n1fv_10.c
         n1bv_9.c
         n1bv_8.c
         n1bv_7.c
         n1bv_64.c
         n1bv_6.c
         n1bv_5.c
         n1bv_4.c
         n1bv_32.c
         n1bv_3.c
         n1bv_25.c
         Generating Code...
         Compiling...
         n1bv_20.c
         n1bv_2.c
         n1bv_16.c
         n1bv_15.c
         n1bv_14.c
         n1bv_13.c
         n1bv_128.c
         n1bv_12.c
         n1bv_11.c
         n1bv_10.c
         genus.c
         codlist.c
         Generating Code...
         c:\Program Files (x86)\Microsoft Visual Studio 10.0\VC\bin\x86_amd64\CL.exe /c /I"C:\Users\Chris\Desktop\VRLLib_FS\fftw-3.3-Lib\MSVC2010\libfftw-3.3\\" /I"C:\Users\Chris\Desktop\VRLLib_FS\fftw-3.3-Lib\MSVC2010\libfftw-3.3\\..\..\api" /I"C:\Users\Chris\Desktop\VRLLib_FS\fftw-3.3-Lib\MSVC2010\libfftw-3.3\\..\..\kernel" /I"C:\Users\Chris\Desktop\VRLLib_FS\fftw-3.3-Lib\MSVC2010\libfftw-3.3\\..\..\dft" /I"C:\Users\Chris\Desktop\VRLLib_FS\fftw-3.3-Lib\MSVC2010\libfftw-3.3\\..\..\dft\simd" /I"C:\Users\Chris\Desktop\VRLLib_FS\fftw-3.3-Lib\MSVC2010\libfftw-3.3\\..\..\dft\scalar" /I"C:\Users\Chris\Desktop\VRLLib_FS\fftw-3.3-Lib\MSVC2010\libfftw-3.3\\..\..\rdft" /I"C:\Users\Chris\Desktop\VRLLib_FS\fftw-3.3-Lib\MSVC2010\libfftw-3.3\\..\..\rdft\simd" /I"C:\Users\Chris\Desktop\VRLLib_FS\fftw-3.3-Lib\MSVC2010\libfftw-3.3\\..\..\rdft\scalar" /I"C:\Users\Chris\Desktop\VRLLib_FS\fftw-3.3-Lib\MSVC2010\libfftw-3.3\\..\..\reodft" /I"C:\Users\Chris\Desktop\VRLLib_FS\fftw-3.3-Lib\MSVC2010\libfftw-3.3\\..\..\simd-support" /I"C:\Users\Chris\Desktop\VRLLib_FS\fftw-3.3-Lib\MSVC2010\libfftw-3.3\\..\..\threads" /Zi /nologo /W3 /WX- /Od /D FFTW_DLL /D WIN64 /D _WIN64 /D _DEBUG /D _WINDOWS /D _USRDLL /D LIBFFTWF33_EXPORTS /Gm /EHsc /RTC1 /MTd /GS /fp:precise /Zc:wchar_t /Zc:forScope /openmp /Fo"x64\Debug\kernel\\" /Fd"x64\Debug\vc100.pdb" /Gd /TC /errorReport:prompt ..\..\kernel\align.c ..\..\kernel\alloc.c ..\..\kernel\assert.c ..\..\kernel\awake.c ..\..\kernel\buffered.c ..\..\kernel\cpy1d.c "..\..\kernel\cpy2d-pair.c" ..\..\kernel\cpy2d.c ..\..\kernel\ct.c ..\..\kernel\debug.c "..\..\kernel\extract-reim.c" ..\..\kernel\hash.c ..\..\kernel\iabs.c ..\..\kernel\kalloc.c "..\..\kernel\md5-1.c" ..\..\kernel\md5.c ..\..\kernel\minmax.c ..\..\kernel\ops.c ..\..\kernel\pickdim.c ..\..\kernel\plan.c ..\..\kernel\planner.c ..\..\kernel\primes.c ..\..\kernel\print.c ..\..\kernel\problem.c ..\..\kernel\rader.c ..\..\kernel\scan.c ..\..\kernel\solver.c ..\..\kernel\solvtab.c ..\..\kernel\stride.c ..\..\kernel\tensor.c ..\..\kernel\tensor1.c ..\..\kernel\tensor2.c ..\..\kernel\tensor3.c ..\..\kernel\tensor4.c ..\..\kernel\tensor5.c ..\..\kernel\tensor7.c ..\..\kernel\tensor8.c ..\..\kernel\tensor9.c ..\..\kernel\tile2d.c ..\..\kernel\timer.c ..\..\kernel\transpose.c ..\..\kernel\trig.c ..\..\kernel\twiddle.c
         twiddle.c
         trig.c
         transpose.c
         timer.c
         tile2d.c
         tensor9.c
         tensor8.c
         tensor7.c
         tensor5.c
         tensor4.c
         tensor3.c
         tensor2.c
         tensor1.c
         tensor.c
         stride.c
         solvtab.c
         solver.c
         scan.c
         rader.c
         problem.c
         Generating Code...
         Compiling...
         print.c
         primes.c
         planner.c
     1>..\..\kernel\planner.c(131): warning C4244: 'return' : conversion from '__int64' to 'unsigned int', possible loss of data
     1>..\..\kernel\planner.c(567): warning C4244: '=' : conversion from '__int64' to 'unsigned int', possible loss of data
     1>..\..\kernel\planner.c(567): warning C4244: '=' : conversion from '__int64' to 'unsigned int', possible loss of data
         plan.c
         pickdim.c
         ops.c
     1>..\..\kernel\ops.c(37): warning C4244: '=' : conversion from 'INT' to 'double', possible loss of data
         minmax.c
         md5.c
         md5-1.c
         kalloc.c
         iabs.c
         hash.c
         extract-reim.c
         debug.c
         ct.c
         cpy2d.c
         cpy2d-pair.c
         cpy1d.c
         buffered.c
         awake.c
         Generating Code...
         Compiling...
         assert.c
         alloc.c
         align.c
         Generating Code...
         c:\Program Files (x86)\Microsoft Visual Studio 10.0\VC\bin\x86_amd64\CL.exe /c /I"C:\Users\Chris\Desktop\VRLLib_FS\fftw-3.3-Lib\MSVC2010\libfftw-3.3\\" /I"C:\Users\Chris\Desktop\VRLLib_FS\fftw-3.3-Lib\MSVC2010\libfftw-3.3\\..\..\api" /I"C:\Users\Chris\Desktop\VRLLib_FS\fftw-3.3-Lib\MSVC2010\libfftw-3.3\\..\..\kernel" /I"C:\Users\Chris\Desktop\VRLLib_FS\fftw-3.3-Lib\MSVC2010\libfftw-3.3\\..\..\dft" /I"C:\Users\Chris\Desktop\VRLLib_FS\fftw-3.3-Lib\MSVC2010\libfftw-3.3\\..\..\dft\simd" /I"C:\Users\Chris\Desktop\VRLLib_FS\fftw-3.3-Lib\MSVC2010\libfftw-3.3\\..\..\dft\scalar" /I"C:\Users\Chris\Desktop\VRLLib_FS\fftw-3.3-Lib\MSVC2010\libfftw-3.3\\..\..\rdft" /I"C:\Users\Chris\Desktop\VRLLib_FS\fftw-3.3-Lib\MSVC2010\libfftw-3.3\\..\..\rdft\simd" /I"C:\Users\Chris\Desktop\VRLLib_FS\fftw-3.3-Lib\MSVC2010\libfftw-3.3\\..\..\rdft\scalar" /I"C:\Users\Chris\Desktop\VRLLib_FS\fftw-3.3-Lib\MSVC2010\libfftw-3.3\\..\..\reodft" /I"C:\Users\Chris\Desktop\VRLLib_FS\fftw-3.3-Lib\MSVC2010\libfftw-3.3\\..\..\simd-support" /I"C:\Users\Chris\Desktop\VRLLib_FS\fftw-3.3-Lib\MSVC2010\libfftw-3.3\\..\..\threads" /Zi /nologo /W3 /WX- /Od /D FFTW_DLL /D WIN64 /D _WIN64 /D _DEBUG /D _WINDOWS /D _USRDLL /D LIBFFTWF33_EXPORTS /Gm /EHsc /RTC1 /MTd /GS /fp:precise /Zc:wchar_t /Zc:forScope /openmp /Fo"x64\Debug\rdft\\" /Fd"x64\Debug\vc100.pdb" /Gd /TC /errorReport:prompt ..\..\rdft\buffered.c ..\..\rdft\buffered2.c ..\..\rdft\conf.c "..\..\rdft\ct-hc2c-direct.c" "..\..\rdft\ct-hc2c.c" "..\..\rdft\dft-r2hc.c" "..\..\rdft\dht-r2hc.c" "..\..\rdft\dht-rader.c" "..\..\rdft\direct-r2c.c" "..\..\rdft\direct-r2r.c" ..\..\rdft\direct2.c ..\..\rdft\generic.c "..\..\rdft\hc2hc-direct.c" "..\..\rdft\hc2hc-generic.c" ..\..\rdft\hc2hc.c ..\..\rdft\indirect.c ..\..\rdft\khc2c.c ..\..\rdft\khc2hc.c ..\..\rdft\kr2c.c ..\..\rdft\kr2r.c ..\..\rdft\nop.c ..\..\rdft\nop2.c ..\..\rdft\plan.c ..\..\rdft\plan2.c ..\..\rdft\problem.c ..\..\rdft\problem2.c "..\..\rdft\rank-geq2-rdft2.c" "..\..\rdft\rank-geq2.c" "..\..\rdft\rank0-rdft2.c" ..\..\rdft\rank0.c "..\..\rdft\rdft-dht.c" "..\..\rdft\rdft2-inplace-strides.c" "..\..\rdft\rdft2-rdft.c" "..\..\rdft\rdft2-strides.c" "..\..\rdft\rdft2-tensor-max-index.c" ..\..\rdft\solve.c ..\..\rdft\solve2.c "..\..\rdft\vrank-geq1-rdft2.c" "..\..\rdft\vrank-geq1.c" "..\..\rdft\vrank3-transpose.c"
         vrank3-transpose.c
         vrank-geq1.c
         vrank-geq1-rdft2.c
         solve2.c
         solve.c
         rdft2-tensor-max-index.c
         rdft2-strides.c
         rdft2-rdft.c
         rdft2-inplace-strides.c
         rdft-dht.c
         rank0.c
         rank0-rdft2.c
         rank-geq2.c
         rank-geq2-rdft2.c
         problem2.c
         problem.c
         plan2.c
         plan.c
         nop2.c
         nop.c
         Generating Code...
         Compiling...
         kr2r.c
         kr2c.c
         khc2hc.c
         khc2c.c
         indirect.c
         hc2hc.c
         hc2hc-generic.c
         hc2hc-direct.c
         generic.c
         direct2.c
         direct-r2r.c
         direct-r2c.c
         dht-rader.c
     1>..\..\rdft\dht-rader.c(171): warning C4244: '=' : conversion from 'INT' to 'trigreal', possible loss of data
         dht-r2hc.c
         dft-r2hc.c
         ct-hc2c.c
         ct-hc2c-direct.c
         conf.c
         buffered2.c
     1>..\..\rdft\buffered2.c(374): warning C4267: 'function' : conversion from 'size_t' to 'int', possible loss of data
         buffered.c
     1>..\..\rdft\buffered.c(336): warning C4267: 'function' : conversion from 'size_t' to 'int', possible loss of data
         Generating Code...
         c:\Program Files (x86)\Microsoft Visual Studio 10.0\VC\bin\x86_amd64\CL.exe /c /I"C:\Users\Chris\Desktop\VRLLib_FS\fftw-3.3-Lib\MSVC2010\libfftw-3.3\\" /I"C:\Users\Chris\Desktop\VRLLib_FS\fftw-3.3-Lib\MSVC2010\libfftw-3.3\\..\..\api" /I"C:\Users\Chris\Desktop\VRLLib_FS\fftw-3.3-Lib\MSVC2010\libfftw-3.3\\..\..\kernel" /I"C:\Users\Chris\Desktop\VRLLib_FS\fftw-3.3-Lib\MSVC2010\libfftw-3.3\\..\..\dft" /I"C:\Users\Chris\Desktop\VRLLib_FS\fftw-3.3-Lib\MSVC2010\libfftw-3.3\\..\..\dft\simd" /I"C:\Users\Chris\Desktop\VRLLib_FS\fftw-3.3-Lib\MSVC2010\libfftw-3.3\\..\..\dft\scalar" /I"C:\Users\Chris\Desktop\VRLLib_FS\fftw-3.3-Lib\MSVC2010\libfftw-3.3\\..\..\rdft" /I"C:\Users\Chris\Desktop\VRLLib_FS\fftw-3.3-Lib\MSVC2010\libfftw-3.3\\..\..\rdft\simd" /I"C:\Users\Chris\Desktop\VRLLib_FS\fftw-3.3-Lib\MSVC2010\libfftw-3.3\\..\..\rdft\scalar" /I"C:\Users\Chris\Desktop\VRLLib_FS\fftw-3.3-Lib\MSVC2010\libfftw-3.3\\..\..\reodft" /I"C:\Users\Chris\Desktop\VRLLib_FS\fftw-3.3-Lib\MSVC2010\libfftw-3.3\\..\..\simd-support" /I"C:\Users\Chris\Desktop\VRLLib_FS\fftw-3.3-Lib\MSVC2010\libfftw-3.3\\..\..\threads" /Zi /nologo /W3 /WX- /Od /D FFTW_DLL /D WIN64 /D _WIN64 /D _DEBUG /D _WINDOWS /D _USRDLL /D LIBFFTWF33_EXPORTS /Gm /EHsc /RTC1 /MTd /GS /fp:precise /Zc:wchar_t /Zc:forScope /openmp /Fo"x64\Debug\rdft\scalar\\" /Fd"x64\Debug\vc100.pdb" /Gd /TC /errorReport:prompt ..\..\rdft\scalar\hc2c.c ..\..\rdft\scalar\hfb.c ..\..\rdft\scalar\r2c.c ..\..\rdft\scalar\r2r.c
         r2r.c
         r2c.c
         hfb.c
         hc2c.c
         Generating Code...
         c:\Program Files (x86)\Microsoft Visual Studio 10.0\VC\bin\x86_amd64\CL.exe /c /I"C:\Users\Chris\Desktop\VRLLib_FS\fftw-3.3-Lib\MSVC2010\libfftw-3.3\\" /I"C:\Users\Chris\Desktop\VRLLib_FS\fftw-3.3-Lib\MSVC2010\libfftw-3.3\\..\..\api" /I"C:\Users\Chris\Desktop\VRLLib_FS\fftw-3.3-Lib\MSVC2010\libfftw-3.3\\..\..\kernel" /I"C:\Users\Chris\Desktop\VRLLib_FS\fftw-3.3-Lib\MSVC2010\libfftw-3.3\\..\..\dft" /I"C:\Users\Chris\Desktop\VRLLib_FS\fftw-3.3-Lib\MSVC2010\libfftw-3.3\\..\..\dft\simd" /I"C:\Users\Chris\Desktop\VRLLib_FS\fftw-3.3-Lib\MSVC2010\libfftw-3.3\\..\..\dft\scalar" /I"C:\Users\Chris\Desktop\VRLLib_FS\fftw-3.3-Lib\MSVC2010\libfftw-3.3\\..\..\rdft" /I"C:\Users\Chris\Desktop\VRLLib_FS\fftw-3.3-Lib\MSVC2010\libfftw-3.3\\..\..\rdft\simd" /I"C:\Users\Chris\Desktop\VRLLib_FS\fftw-3.3-Lib\MSVC2010\libfftw-3.3\\..\..\rdft\scalar" /I"C:\Users\Chris\Desktop\VRLLib_FS\fftw-3.3-Lib\MSVC2010\libfftw-3.3\\..\..\reodft" /I"C:\Users\Chris\Desktop\VRLLib_FS\fftw-3.3-Lib\MSVC2010\libfftw-3.3\\..\..\simd-support" /I"C:\Users\Chris\Desktop\VRLLib_FS\fftw-3.3-Lib\MSVC2010\libfftw-3.3\\..\..\threads" /Zi /nologo /W3 /WX- /Od /D FFTW_DLL /D WIN64 /D _WIN64 /D _DEBUG /D _WINDOWS /D _USRDLL /D LIBFFTWF33_EXPORTS /Gm /EHsc /RTC1 /MTd /GS /fp:precise /Zc:wchar_t /Zc:forScope /openmp /Fo"x64\Debug\rdft\scalar\r2cb\\" /Fd"x64\Debug\vc100.pdb" /Gd /TC /errorReport:prompt ..\..\rdft\scalar\r2cb\codlist.c ..\..\rdft\scalar\r2cb\hb2_16.c ..\..\rdft\scalar\r2cb\hb2_20.c ..\..\rdft\scalar\r2cb\hb2_25.c ..\..\rdft\scalar\r2cb\hb2_32.c ..\..\rdft\scalar\r2cb\hb2_4.c ..\..\rdft\scalar\r2cb\hb2_5.c ..\..\rdft\scalar\r2cb\hb2_8.c ..\..\rdft\scalar\r2cb\hb_10.c ..\..\rdft\scalar\r2cb\hb_12.c ..\..\rdft\scalar\r2cb\hb_15.c ..\..\rdft\scalar\r2cb\hb_16.c ..\..\rdft\scalar\r2cb\hb_2.c ..\..\rdft\scalar\r2cb\hb_20.c ..\..\rdft\scalar\r2cb\hb_25.c ..\..\rdft\scalar\r2cb\hb_3.c ..\..\rdft\scalar\r2cb\hb_32.c ..\..\rdft\scalar\r2cb\hb_4.c ..\..\rdft\scalar\r2cb\hb_5.c ..\..\rdft\scalar\r2cb\hb_6.c ..\..\rdft\scalar\r2cb\hb_64.c ..\..\rdft\scalar\r2cb\hb_7.c ..\..\rdft\scalar\r2cb\hb_8.c ..\..\rdft\scalar\r2cb\hb_9.c ..\..\rdft\scalar\r2cb\hc2cb2_16.c ..\..\rdft\scalar\r2cb\hc2cb2_20.c ..\..\rdft\scalar\r2cb\hc2cb2_32.c ..\..\rdft\scalar\r2cb\hc2cb2_4.c ..\..\rdft\scalar\r2cb\hc2cb2_8.c ..\..\rdft\scalar\r2cb\hc2cbdft2_16.c ..\..\rdft\scalar\r2cb\hc2cbdft2_20.c ..\..\rdft\scalar\r2cb\hc2cbdft2_32.c ..\..\rdft\scalar\r2cb\hc2cbdft2_4.c ..\..\rdft\scalar\r2cb\hc2cbdft2_8.c ..\..\rdft\scalar\r2cb\hc2cbdft_10.c ..\..\rdft\scalar\r2cb\hc2cbdft_12.c ..\..\rdft\scalar\r2cb\hc2cbdft_16.c ..\..\rdft\scalar\r2cb\hc2cbdft_2.c ..\..\rdft\scalar\r2cb\hc2cbdft_20.c ..\..\rdft\scalar\r2cb\hc2cbdft_32.c ..\..\rdft\scalar\r2cb\hc2cbdft_4.c ..\..\rdft\scalar\r2cb\hc2cbdft_6.c ..\..\rdft\scalar\r2cb\hc2cbdft_8.c ..\..\rdft\scalar\r2cb\hc2cb_10.c ..\..\rdft\scalar\r2cb\hc2cb_12.c ..\..\rdft\scalar\r2cb\hc2cb_16.c ..\..\rdft\scalar\r2cb\hc2cb_2.c ..\..\rdft\scalar\r2cb\hc2cb_20.c ..\..\rdft\scalar\r2cb\hc2cb_32.c ..\..\rdft\scalar\r2cb\hc2cb_4.c ..\..\rdft\scalar\r2cb\hc2cb_6.c ..\..\rdft\scalar\r2cb\hc2cb_8.c ..\..\rdft\scalar\r2cb\r2cbIII_10.c ..\..\rdft\scalar\r2cb\r2cbIII_12.c ..\..\rdft\scalar\r2cb\r2cbIII_15.c ..\..\rdft\scalar\r2cb\r2cbIII_16.c ..\..\rdft\scalar\r2cb\r2cbIII_2.c ..\..\rdft\scalar\r2cb\r2cbIII_20.c ..\..\rdft\scalar\r2cb\r2cbIII_25.c ..\..\rdft\scalar\r2cb\r2cbIII_3.c ..\..\rdft\scalar\r2cb\r2cbIII_32.c ..\..\rdft\scalar\r2cb\r2cbIII_4.c ..\..\rdft\scalar\r2cb\r2cbIII_5.c ..\..\rdft\scalar\r2cb\r2cbIII_6.c ..\..\rdft\scalar\r2cb\r2cbIII_64.c ..\..\rdft\scalar\r2cb\r2cbIII_7.c ..\..\rdft\scalar\r2cb\r2cbIII_8.c ..\..\rdft\scalar\r2cb\r2cbIII_9.c ..\..\rdft\scalar\r2cb\r2cb_10.c ..\..\rdft\scalar\r2cb\r2cb_11.c ..\..\rdft\scalar\r2cb\r2cb_12.c ..\..\rdft\scalar\r2cb\r2cb_128.c ..\..\rdft\scalar\r2cb\r2cb_13.c ..\..\rdft\scalar\r2cb\r2cb_14.c ..\..\rdft\scalar\r2cb\r2cb_15.c ..\..\rdft\scalar\r2cb\r2cb_16.c ..\..\rdft\scalar\r2cb\r2cb_2.c ..\..\rdft\scalar\r2cb\r2cb_20.c ..\..\rdft\scalar\r2cb\r2cb_25.c ..\..\rdft\scalar\r2cb\r2cb_3.c ..\..\rdft\scalar\r2cb\r2cb_32.c ..\..\rdft\scalar\r2cb\r2cb_4.c ..\..\rdft\scalar\r2cb\r2cb_5.c ..\..\rdft\scalar\r2cb\r2cb_6.c ..\..\rdft\scalar\r2cb\r2cb_64.c ..\..\rdft\scalar\r2cb\r2cb_7.c ..\..\rdft\scalar\r2cb\r2cb_8.c ..\..\rdft\scalar\r2cb\r2cb_9.c
         r2cb_9.c
         r2cb_8.c
         r2cb_7.c
         r2cb_64.c
         r2cb_6.c
         r2cb_5.c
         r2cb_4.c
         r2cb_32.c
         r2cb_3.c
         r2cb_25.c
         r2cb_20.c
         r2cb_2.c
         r2cb_16.c
         r2cb_15.c
         r2cb_14.c
         r2cb_13.c
         r2cb_128.c
         r2cb_12.c
         r2cb_11.c
         r2cb_10.c
         Generating Code...
         Compiling...
         r2cbIII_9.c
         r2cbIII_8.c
         r2cbIII_7.c
         r2cbIII_64.c
         r2cbIII_6.c
         r2cbIII_5.c
         r2cbIII_4.c
         r2cbIII_32.c
         r2cbIII_3.c
         r2cbIII_25.c
         r2cbIII_20.c
         r2cbIII_2.c
         r2cbIII_16.c
         r2cbIII_15.c
         r2cbIII_12.c
         r2cbIII_10.c
         hc2cb_8.c
         hc2cb_6.c
         hc2cb_4.c
         hc2cb_32.c
         Generating Code...
         Compiling...
         hc2cb_20.c
         hc2cb_2.c
         hc2cb_16.c
         hc2cb_12.c
         hc2cb_10.c
         hc2cbdft_8.c
         hc2cbdft_6.c
         hc2cbdft_4.c
         hc2cbdft_32.c
         hc2cbdft_20.c
         hc2cbdft_2.c
         hc2cbdft_16.c
         hc2cbdft_12.c
         hc2cbdft_10.c
         hc2cbdft2_8.c
         hc2cbdft2_4.c
         hc2cbdft2_32.c
         hc2cbdft2_20.c
         hc2cbdft2_16.c
         hc2cb2_8.c
         Generating Code...
         Compiling...
         hc2cb2_4.c
         hc2cb2_32.c
         hc2cb2_20.c
         hc2cb2_16.c
         hb_9.c
         hb_8.c
         hb_7.c
         hb_64.c
         hb_6.c
         hb_5.c
         hb_4.c
         hb_32.c
         hb_3.c
         hb_25.c
         hb_20.c
         hb_2.c
         hb_16.c
         hb_15.c
         hb_12.c
         hb_10.c
         Generating Code...
         Compiling...
         hb2_8.c
         hb2_5.c
         hb2_4.c
         hb2_32.c
         hb2_25.c
         hb2_20.c
         hb2_16.c
         codlist.c
         Generating Code...
         c:\Program Files (x86)\Microsoft Visual Studio 10.0\VC\bin\x86_amd64\CL.exe /c /I"C:\Users\Chris\Desktop\VRLLib_FS\fftw-3.3-Lib\MSVC2010\libfftw-3.3\\" /I"C:\Users\Chris\Desktop\VRLLib_FS\fftw-3.3-Lib\MSVC2010\libfftw-3.3\\..\..\api" /I"C:\Users\Chris\Desktop\VRLLib_FS\fftw-3.3-Lib\MSVC2010\libfftw-3.3\\..\..\kernel" /I"C:\Users\Chris\Desktop\VRLLib_FS\fftw-3.3-Lib\MSVC2010\libfftw-3.3\\..\..\dft" /I"C:\Users\Chris\Desktop\VRLLib_FS\fftw-3.3-Lib\MSVC2010\libfftw-3.3\\..\..\dft\simd" /I"C:\Users\Chris\Desktop\VRLLib_FS\fftw-3.3-Lib\MSVC2010\libfftw-3.3\\..\..\dft\scalar" /I"C:\Users\Chris\Desktop\VRLLib_FS\fftw-3.3-Lib\MSVC2010\libfftw-3.3\\..\..\rdft" /I"C:\Users\Chris\Desktop\VRLLib_FS\fftw-3.3-Lib\MSVC2010\libfftw-3.3\\..\..\rdft\simd" /I"C:\Users\Chris\Desktop\VRLLib_FS\fftw-3.3-Lib\MSVC2010\libfftw-3.3\\..\..\rdft\scalar" /I"C:\Users\Chris\Desktop\VRLLib_FS\fftw-3.3-Lib\MSVC2010\libfftw-3.3\\..\..\reodft" /I"C:\Users\Chris\Desktop\VRLLib_FS\fftw-3.3-Lib\MSVC2010\libfftw-3.3\\..\..\simd-support" /I"C:\Users\Chris\Desktop\VRLLib_FS\fftw-3.3-Lib\MSVC2010\libfftw-3.3\\..\..\threads" /Zi /nologo /W3 /WX- /Od /D FFTW_DLL /D WIN64 /D _WIN64 /D _DEBUG /D _WINDOWS /D _USRDLL /D LIBFFTWF33_EXPORTS /Gm /EHsc /RTC1 /MTd /GS /fp:precise /Zc:wchar_t /Zc:forScope /openmp /Fo"x64\Debug\rdft\scalar\r2cf\\" /Fd"x64\Debug\vc100.pdb" /Gd /TC /errorReport:prompt ..\..\rdft\scalar\r2cf\codlist.c ..\..\rdft\scalar\r2cf\hc2cf2_16.c ..\..\rdft\scalar\r2cf\hc2cf2_20.c ..\..\rdft\scalar\r2cf\hc2cf2_32.c ..\..\rdft\scalar\r2cf\hc2cf2_4.c ..\..\rdft\scalar\r2cf\hc2cf2_8.c ..\..\rdft\scalar\r2cf\hc2cfdft2_16.c ..\..\rdft\scalar\r2cf\hc2cfdft2_20.c ..\..\rdft\scalar\r2cf\hc2cfdft2_32.c ..\..\rdft\scalar\r2cf\hc2cfdft2_4.c ..\..\rdft\scalar\r2cf\hc2cfdft2_8.c ..\..\rdft\scalar\r2cf\hc2cfdft_10.c ..\..\rdft\scalar\r2cf\hc2cfdft_12.c ..\..\rdft\scalar\r2cf\hc2cfdft_16.c ..\..\rdft\scalar\r2cf\hc2cfdft_2.c ..\..\rdft\scalar\r2cf\hc2cfdft_20.c ..\..\rdft\scalar\r2cf\hc2cfdft_32.c ..\..\rdft\scalar\r2cf\hc2cfdft_4.c ..\..\rdft\scalar\r2cf\hc2cfdft_6.c ..\..\rdft\scalar\r2cf\hc2cfdft_8.c ..\..\rdft\scalar\r2cf\hc2cf_10.c ..\..\rdft\scalar\r2cf\hc2cf_12.c ..\..\rdft\scalar\r2cf\hc2cf_16.c ..\..\rdft\scalar\r2cf\hc2cf_2.c ..\..\rdft\scalar\r2cf\hc2cf_20.c ..\..\rdft\scalar\r2cf\hc2cf_32.c ..\..\rdft\scalar\r2cf\hc2cf_4.c ..\..\rdft\scalar\r2cf\hc2cf_6.c ..\..\rdft\scalar\r2cf\hc2cf_8.c ..\..\rdft\scalar\r2cf\hf2_16.c ..\..\rdft\scalar\r2cf\hf2_20.c ..\..\rdft\scalar\r2cf\hf2_25.c ..\..\rdft\scalar\r2cf\hf2_32.c ..\..\rdft\scalar\r2cf\hf2_4.c ..\..\rdft\scalar\r2cf\hf2_5.c ..\..\rdft\scalar\r2cf\hf2_8.c ..\..\rdft\scalar\r2cf\hf_10.c ..\..\rdft\scalar\r2cf\hf_12.c ..\..\rdft\scalar\r2cf\hf_15.c ..\..\rdft\scalar\r2cf\hf_16.c ..\..\rdft\scalar\r2cf\hf_2.c ..\..\rdft\scalar\r2cf\hf_20.c ..\..\rdft\scalar\r2cf\hf_25.c ..\..\rdft\scalar\r2cf\hf_3.c ..\..\rdft\scalar\r2cf\hf_32.c ..\..\rdft\scalar\r2cf\hf_4.c ..\..\rdft\scalar\r2cf\hf_5.c ..\..\rdft\scalar\r2cf\hf_6.c ..\..\rdft\scalar\r2cf\hf_64.c ..\..\rdft\scalar\r2cf\hf_7.c ..\..\rdft\scalar\r2cf\hf_8.c ..\..\rdft\scalar\r2cf\hf_9.c ..\..\rdft\scalar\r2cf\r2cfII_10.c ..\..\rdft\scalar\r2cf\r2cfII_12.c ..\..\rdft\scalar\r2cf\r2cfII_15.c ..\..\rdft\scalar\r2cf\r2cfII_16.c ..\..\rdft\scalar\r2cf\r2cfII_2.c ..\..\rdft\scalar\r2cf\r2cfII_20.c ..\..\rdft\scalar\r2cf\r2cfII_25.c ..\..\rdft\scalar\r2cf\r2cfII_3.c ..\..\rdft\scalar\r2cf\r2cfII_32.c ..\..\rdft\scalar\r2cf\r2cfII_4.c ..\..\rdft\scalar\r2cf\r2cfII_5.c ..\..\rdft\scalar\r2cf\r2cfII_6.c ..\..\rdft\scalar\r2cf\r2cfII_64.c ..\..\rdft\scalar\r2cf\r2cfII_7.c ..\..\rdft\scalar\r2cf\r2cfII_8.c ..\..\rdft\scalar\r2cf\r2cfII_9.c ..\..\rdft\scalar\r2cf\r2cf_10.c ..\..\rdft\scalar\r2cf\r2cf_11.c ..\..\rdft\scalar\r2cf\r2cf_12.c ..\..\rdft\scalar\r2cf\r2cf_128.c ..\..\rdft\scalar\r2cf\r2cf_13.c ..\..\rdft\scalar\r2cf\r2cf_14.c ..\..\rdft\scalar\r2cf\r2cf_15.c ..\..\rdft\scalar\r2cf\r2cf_16.c ..\..\rdft\scalar\r2cf\r2cf_2.c ..\..\rdft\scalar\r2cf\r2cf_20.c ..\..\rdft\scalar\r2cf\r2cf_25.c ..\..\rdft\scalar\r2cf\r2cf_3.c ..\..\rdft\scalar\r2cf\r2cf_32.c ..\..\rdft\scalar\r2cf\r2cf_4.c ..\..\rdft\scalar\r2cf\r2cf_5.c ..\..\rdft\scalar\r2cf\r2cf_6.c ..\..\rdft\scalar\r2cf\r2cf_64.c ..\..\rdft\scalar\r2cf\r2cf_7.c ..\..\rdft\scalar\r2cf\r2cf_8.c ..\..\rdft\scalar\r2cf\r2cf_9.c
         r2cf_9.c
         r2cf_8.c
         r2cf_7.c
         r2cf_64.c
         r2cf_6.c
         r2cf_5.c
         r2cf_4.c
         r2cf_32.c
         r2cf_3.c
         r2cf_25.c
         r2cf_20.c
         r2cf_2.c
         r2cf_16.c
         r2cf_15.c
         r2cf_14.c
         r2cf_13.c
         r2cf_128.c
         r2cf_12.c
         r2cf_11.c
         r2cf_10.c
         Generating Code...
         Compiling...
         r2cfII_9.c
         r2cfII_8.c
         r2cfII_7.c
         r2cfII_64.c
         r2cfII_6.c
         r2cfII_5.c
         r2cfII_4.c
         r2cfII_32.c
         r2cfII_3.c
         r2cfII_25.c
         r2cfII_20.c
         r2cfII_2.c
         r2cfII_16.c
         r2cfII_15.c
         r2cfII_12.c
         r2cfII_10.c
         hf_9.c
         hf_8.c
         hf_7.c
         hf_64.c
         Generating Code...
         Compiling...
         hf_6.c
         hf_5.c
         hf_4.c
         hf_32.c
         hf_3.c
         hf_25.c
         hf_20.c
         hf_2.c
         hf_16.c
         hf_15.c
         hf_12.c
         hf_10.c
         hf2_8.c
         hf2_5.c
         hf2_4.c
         hf2_32.c
         hf2_25.c
         hf2_20.c
         hf2_16.c
         hc2cf_8.c
         Generating Code...
         Compiling...
         hc2cf_6.c
         hc2cf_4.c
         hc2cf_32.c
         hc2cf_20.c
         hc2cf_2.c
         hc2cf_16.c
         hc2cf_12.c
         hc2cf_10.c
         hc2cfdft_8.c
         hc2cfdft_6.c
         hc2cfdft_4.c
         hc2cfdft_32.c
         hc2cfdft_20.c
         hc2cfdft_2.c
         hc2cfdft_16.c
         hc2cfdft_12.c
         hc2cfdft_10.c
         hc2cfdft2_8.c
         hc2cfdft2_4.c
         hc2cfdft2_32.c
         Generating Code...
         Compiling...
         hc2cfdft2_20.c
         hc2cfdft2_16.c
         hc2cf2_8.c
         hc2cf2_4.c
         hc2cf2_32.c
         hc2cf2_20.c
         hc2cf2_16.c
         codlist.c
         Generating Code...
         c:\Program Files (x86)\Microsoft Visual Studio 10.0\VC\bin\x86_amd64\CL.exe /c /I"C:\Users\Chris\Desktop\VRLLib_FS\fftw-3.3-Lib\MSVC2010\libfftw-3.3\\" /I"C:\Users\Chris\Desktop\VRLLib_FS\fftw-3.3-Lib\MSVC2010\libfftw-3.3\\..\..\api" /I"C:\Users\Chris\Desktop\VRLLib_FS\fftw-3.3-Lib\MSVC2010\libfftw-3.3\\..\..\kernel" /I"C:\Users\Chris\Desktop\VRLLib_FS\fftw-3.3-Lib\MSVC2010\libfftw-3.3\\..\..\dft" /I"C:\Users\Chris\Desktop\VRLLib_FS\fftw-3.3-Lib\MSVC2010\libfftw-3.3\\..\..\dft\simd" /I"C:\Users\Chris\Desktop\VRLLib_FS\fftw-3.3-Lib\MSVC2010\libfftw-3.3\\..\..\dft\scalar" /I"C:\Users\Chris\Desktop\VRLLib_FS\fftw-3.3-Lib\MSVC2010\libfftw-3.3\\..\..\rdft" /I"C:\Users\Chris\Desktop\VRLLib_FS\fftw-3.3-Lib\MSVC2010\libfftw-3.3\\..\..\rdft\simd" /I"C:\Users\Chris\Desktop\VRLLib_FS\fftw-3.3-Lib\MSVC2010\libfftw-3.3\\..\..\rdft\scalar" /I"C:\Users\Chris\Desktop\VRLLib_FS\fftw-3.3-Lib\MSVC2010\libfftw-3.3\\..\..\reodft" /I"C:\Users\Chris\Desktop\VRLLib_FS\fftw-3.3-Lib\MSVC2010\libfftw-3.3\\..\..\simd-support" /I"C:\Users\Chris\Desktop\VRLLib_FS\fftw-3.3-Lib\MSVC2010\libfftw-3.3\\..\..\threads" /Zi /nologo /W3 /WX- /Od /D FFTW_DLL /D WIN64 /D _WIN64 /D _DEBUG /D _WINDOWS /D _USRDLL /D LIBFFTWF33_EXPORTS /Gm /EHsc /RTC1 /MTd /GS /fp:precise /Zc:wchar_t /Zc:forScope /openmp /Fo"x64\Debug\rdft\scalar\r2r\\" /Fd"x64\Debug\vc100.pdb" /Gd /TC /errorReport:prompt ..\..\rdft\scalar\r2r\codlist.c ..\..\rdft\scalar\r2r\e01_8.c ..\..\rdft\scalar\r2r\e10_8.c
         e10_8.c
         e01_8.c
         codlist.c
         Generating Code...
         c:\Program Files (x86)\Microsoft Visual Studio 10.0\VC\bin\x86_amd64\CL.exe /c /I"C:\Users\Chris\Desktop\VRLLib_FS\fftw-3.3-Lib\MSVC2010\libfftw-3.3\\" /I"C:\Users\Chris\Desktop\VRLLib_FS\fftw-3.3-Lib\MSVC2010\libfftw-3.3\\..\..\api" /I"C:\Users\Chris\Desktop\VRLLib_FS\fftw-3.3-Lib\MSVC2010\libfftw-3.3\\..\..\kernel" /I"C:\Users\Chris\Desktop\VRLLib_FS\fftw-3.3-Lib\MSVC2010\libfftw-3.3\\..\..\dft" /I"C:\Users\Chris\Desktop\VRLLib_FS\fftw-3.3-Lib\MSVC2010\libfftw-3.3\\..\..\dft\simd" /I"C:\Users\Chris\Desktop\VRLLib_FS\fftw-3.3-Lib\MSVC2010\libfftw-3.3\\..\..\dft\scalar" /I"C:\Users\Chris\Desktop\VRLLib_FS\fftw-3.3-Lib\MSVC2010\libfftw-3.3\\..\..\rdft" /I"C:\Users\Chris\Desktop\VRLLib_FS\fftw-3.3-Lib\MSVC2010\libfftw-3.3\\..\..\rdft\simd" /I"C:\Users\Chris\Desktop\VRLLib_FS\fftw-3.3-Lib\MSVC2010\libfftw-3.3\\..\..\rdft\scalar" /I"C:\Users\Chris\Desktop\VRLLib_FS\fftw-3.3-Lib\MSVC2010\libfftw-3.3\\..\..\reodft" /I"C:\Users\Chris\Desktop\VRLLib_FS\fftw-3.3-Lib\MSVC2010\libfftw-3.3\\..\..\simd-support" /I"C:\Users\Chris\Desktop\VRLLib_FS\fftw-3.3-Lib\MSVC2010\libfftw-3.3\\..\..\threads" /Zi /nologo /W3 /WX- /Od /D FFTW_DLL /D WIN64 /D _WIN64 /D _DEBUG /D _WINDOWS /D _USRDLL /D LIBFFTWF33_EXPORTS /Gm /EHsc /RTC1 /MTd /GS /fp:precise /Zc:wchar_t /Zc:forScope /openmp /Fo"x64\Debug\rdft\simd\sse2\\" /Fd"x64\Debug\vc100.pdb" /Gd /TC /errorReport:prompt ..\..\rdft\simd\sse2\codlist.c ..\..\rdft\simd\sse2\genus.c ..\..\rdft\simd\sse2\hc2cbdftv_10.c ..\..\rdft\simd\sse2\hc2cbdftv_12.c ..\..\rdft\simd\sse2\hc2cbdftv_16.c ..\..\rdft\simd\sse2\hc2cbdftv_2.c ..\..\rdft\simd\sse2\hc2cbdftv_20.c ..\..\rdft\simd\sse2\hc2cbdftv_32.c ..\..\rdft\simd\sse2\hc2cbdftv_4.c ..\..\rdft\simd\sse2\hc2cbdftv_6.c ..\..\rdft\simd\sse2\hc2cbdftv_8.c ..\..\rdft\simd\sse2\hc2cfdftv_10.c ..\..\rdft\simd\sse2\hc2cfdftv_12.c ..\..\rdft\simd\sse2\hc2cfdftv_16.c ..\..\rdft\simd\sse2\hc2cfdftv_2.c ..\..\rdft\simd\sse2\hc2cfdftv_20.c ..\..\rdft\simd\sse2\hc2cfdftv_32.c ..\..\rdft\simd\sse2\hc2cfdftv_4.c ..\..\rdft\simd\sse2\hc2cfdftv_6.c ..\..\rdft\simd\sse2\hc2cfdftv_8.c
         hc2cfdftv_8.c
         hc2cfdftv_6.c
         hc2cfdftv_4.c
         hc2cfdftv_32.c
         hc2cfdftv_20.c
         hc2cfdftv_2.c
         hc2cfdftv_16.c
         hc2cfdftv_12.c
         hc2cfdftv_10.c
         hc2cbdftv_8.c
         hc2cbdftv_6.c
         hc2cbdftv_4.c
         hc2cbdftv_32.c
         hc2cbdftv_20.c
         hc2cbdftv_2.c
         hc2cbdftv_16.c
         hc2cbdftv_12.c
         hc2cbdftv_10.c
         genus.c
         codlist.c
         Generating Code...
         c:\Program Files (x86)\Microsoft Visual Studio 10.0\VC\bin\x86_amd64\CL.exe /c /I"C:\Users\Chris\Desktop\VRLLib_FS\fftw-3.3-Lib\MSVC2010\libfftw-3.3\\" /I"C:\Users\Chris\Desktop\VRLLib_FS\fftw-3.3-Lib\MSVC2010\libfftw-3.3\\..\..\api" /I"C:\Users\Chris\Desktop\VRLLib_FS\fftw-3.3-Lib\MSVC2010\libfftw-3.3\\..\..\kernel" /I"C:\Users\Chris\Desktop\VRLLib_FS\fftw-3.3-Lib\MSVC2010\libfftw-3.3\\..\..\dft" /I"C:\Users\Chris\Desktop\VRLLib_FS\fftw-3.3-Lib\MSVC2010\libfftw-3.3\\..\..\dft\simd" /I"C:\Users\Chris\Desktop\VRLLib_FS\fftw-3.3-Lib\MSVC2010\libfftw-3.3\\..\..\dft\scalar" /I"C:\Users\Chris\Desktop\VRLLib_FS\fftw-3.3-Lib\MSVC2010\libfftw-3.3\\..\..\rdft" /I"C:\Users\Chris\Desktop\VRLLib_FS\fftw-3.3-Lib\MSVC2010\libfftw-3.3\\..\..\rdft\simd" /I"C:\Users\Chris\Desktop\VRLLib_FS\fftw-3.3-Lib\MSVC2010\libfftw-3.3\\..\..\rdft\scalar" /I"C:\Users\Chris\Desktop\VRLLib_FS\fftw-3.3-Lib\MSVC2010\libfftw-3.3\\..\..\reodft" /I"C:\Users\Chris\Desktop\VRLLib_FS\fftw-3.3-Lib\MSVC2010\libfftw-3.3\\..\..\simd-support" /I"C:\Users\Chris\Desktop\VRLLib_FS\fftw-3.3-Lib\MSVC2010\libfftw-3.3\\..\..\threads" /Zi /nologo /W3 /WX- /Od /D FFTW_DLL /D WIN64 /D _WIN64 /D _DEBUG /D _WINDOWS /D _USRDLL /D LIBFFTWF33_EXPORTS /Gm /EHsc /RTC1 /MTd /GS /fp:precise /Zc:wchar_t /Zc:forScope /openmp /Fo"x64\Debug\reodft\\" /Fd"x64\Debug\vc100.pdb" /Gd /TC /errorReport:prompt ..\..\reodft\conf.c "..\..\reodft\redft00e-r2hc-pad.c" "..\..\reodft\redft00e-r2hc.c" "..\..\reodft\reodft00e-splitradix.c" "..\..\reodft\reodft010e-r2hc.c" "..\..\reodft\reodft11e-r2hc-odd.c" "..\..\reodft\reodft11e-r2hc.c" "..\..\reodft\reodft11e-radix2.c" "..\..\reodft\rodft00e-r2hc-pad.c" "..\..\reodft\rodft00e-r2hc.c"
         rodft00e-r2hc.c
     1>..\..\reodft\rodft00e-r2hc.c(187): warning C4244: '=' : conversion from 'INT' to 'double', possible loss of data
     1>..\..\reodft\rodft00e-r2hc.c(188): warning C4244: '=' : conversion from 'INT' to 'double', possible loss of data
     1>..\..\reodft\rodft00e-r2hc.c(189): warning C4244: '=' : conversion from 'INT' to 'double', possible loss of data
         rodft00e-r2hc-pad.c
     1>..\..\reodft\rodft00e-r2hc-pad.c(168): warning C4244: '=' : conversion from 'INT' to 'double', possible loss of data
         reodft11e-radix2.c
     1>..\..\reodft\reodft11e-radix2.c(486): warning C4244: '=' : conversion from 'INT' to 'double', possible loss of data
     1>..\..\reodft\reodft11e-radix2.c(487): warning C4244: '=' : conversion from 'INT' to 'double', possible loss of data
     1>..\..\reodft\reodft11e-radix2.c(488): warning C4244: '=' : conversion from 'INT' to 'double', possible loss of data
         reodft11e-r2hc.c
     1>..\..\reodft\reodft11e-r2hc.c(272): warning C4244: '=' : conversion from 'INT' to 'double', possible loss of data
     1>..\..\reodft\reodft11e-r2hc.c(273): warning C4244: '=' : conversion from 'INT' to 'double', possible loss of data
     1>..\..\reodft\reodft11e-r2hc.c(274): warning C4244: '=' : conversion from 'INT' to 'double', possible loss of data
         reodft11e-r2hc-odd.c
     1>..\..\reodft\reodft11e-r2hc-odd.c(278): warning C4244: '=' : conversion from 'INT' to 'double', possible loss of data
     1>..\..\reodft\reodft11e-r2hc-odd.c(279): warning C4244: '=' : conversion from 'INT' to 'double', possible loss of data
     1>..\..\reodft\reodft11e-r2hc-odd.c(280): warning C4244: '=' : conversion from 'INT' to 'double', possible loss of data
         reodft010e-r2hc.c
     1>..\..\reodft\reodft010e-r2hc.c(382): warning C4244: '=' : conversion from 'INT' to 'double', possible loss of data
     1>..\..\reodft\reodft010e-r2hc.c(384): warning C4244: '=' : conversion from 'INT' to 'double', possible loss of data
     1>..\..\reodft\reodft010e-r2hc.c(385): warning C4244: '=' : conversion from 'INT' to 'double', possible loss of data
     1>..\..\reodft\reodft010e-r2hc.c(388): warning C4244: '=' : conversion from 'INT' to 'double', possible loss of data
     1>..\..\reodft\reodft010e-r2hc.c(389): warning C4244: '=' : conversion from 'INT' to 'double', possible loss of data
         reodft00e-splitradix.c
     1>..\..\reodft\reodft00e-splitradix.c(326): warning C4244: '=' : conversion from 'INT' to 'double', possible loss of data
     1>..\..\reodft\reodft00e-splitradix.c(328): warning C4244: '=' : conversion from 'INT' to 'double', possible loss of data
     1>..\..\reodft\reodft00e-splitradix.c(329): warning C4244: '=' : conversion from 'INT' to 'double', possible loss of data
         redft00e-r2hc.c
     1>..\..\reodft\redft00e-r2hc.c(193): warning C4244: '=' : conversion from 'INT' to 'double', possible loss of data
     1>..\..\reodft\redft00e-r2hc.c(194): warning C4244: '=' : conversion from 'INT' to 'double', possible loss of data
     1>..\..\reodft\redft00e-r2hc.c(195): warning C4244: '=' : conversion from 'INT' to 'double', possible loss of data
         redft00e-r2hc-pad.c
     1>..\..\reodft\redft00e-r2hc-pad.c(170): warning C4244: '=' : conversion from 'INT' to 'double', possible loss of data
         conf.c
         Generating Code...
         c:\Program Files (x86)\Microsoft Visual Studio 10.0\VC\bin\x86_amd64\CL.exe /c /I"C:\Users\Chris\Desktop\VRLLib_FS\fftw-3.3-Lib\MSVC2010\libfftw-3.3\\" /I"C:\Users\Chris\Desktop\VRLLib_FS\fftw-3.3-Lib\MSVC2010\libfftw-3.3\\..\..\api" /I"C:\Users\Chris\Desktop\VRLLib_FS\fftw-3.3-Lib\MSVC2010\libfftw-3.3\\..\..\kernel" /I"C:\Users\Chris\Desktop\VRLLib_FS\fftw-3.3-Lib\MSVC2010\libfftw-3.3\\..\..\dft" /I"C:\Users\Chris\Desktop\VRLLib_FS\fftw-3.3-Lib\MSVC2010\libfftw-3.3\\..\..\dft\simd" /I"C:\Users\Chris\Desktop\VRLLib_FS\fftw-3.3-Lib\MSVC2010\libfftw-3.3\\..\..\dft\scalar" /I"C:\Users\Chris\Desktop\VRLLib_FS\fftw-3.3-Lib\MSVC2010\libfftw-3.3\\..\..\rdft" /I"C:\Users\Chris\Desktop\VRLLib_FS\fftw-3.3-Lib\MSVC2010\libfftw-3.3\\..\..\rdft\simd" /I"C:\Users\Chris\Desktop\VRLLib_FS\fftw-3.3-Lib\MSVC2010\libfftw-3.3\\..\..\rdft\scalar" /I"C:\Users\Chris\Desktop\VRLLib_FS\fftw-3.3-Lib\MSVC2010\libfftw-3.3\\..\..\reodft" /I"C:\Users\Chris\Desktop\VRLLib_FS\fftw-3.3-Lib\MSVC2010\libfftw-3.3\\..\..\simd-support" /I"C:\Users\Chris\Desktop\VRLLib_FS\fftw-3.3-Lib\MSVC2010\libfftw-3.3\\..\..\threads" /Zi /nologo /W3 /WX- /Od /D FFTW_DLL /D WIN64 /D _WIN64 /D _DEBUG /D _WINDOWS /D _USRDLL /D LIBFFTWF33_EXPORTS /Gm /EHsc /RTC1 /MTd /GS /fp:precise /Zc:wchar_t /Zc:forScope /openmp /Fo"x64\Debug\simd-support\\" /Fd"x64\Debug\vc100.pdb" /Gd /TC /errorReport:prompt "..\..\simd-support\sse2-nonportable.c" "..\..\simd-support\sse2.c" "..\..\simd-support\taint.c"
         taint.c
         sse2.c
         sse2-nonportable.c
         Generating Code...
         c:\Program Files (x86)\Microsoft Visual Studio 10.0\VC\bin\x86_amd64\CL.exe /c /I"C:\Users\Chris\Desktop\VRLLib_FS\fftw-3.3-Lib\MSVC2010\libfftw-3.3\\" /I"C:\Users\Chris\Desktop\VRLLib_FS\fftw-3.3-Lib\MSVC2010\libfftw-3.3\\..\..\api" /I"C:\Users\Chris\Desktop\VRLLib_FS\fftw-3.3-Lib\MSVC2010\libfftw-3.3\\..\..\kernel" /I"C:\Users\Chris\Desktop\VRLLib_FS\fftw-3.3-Lib\MSVC2010\libfftw-3.3\\..\..\dft" /I"C:\Users\Chris\Desktop\VRLLib_FS\fftw-3.3-Lib\MSVC2010\libfftw-3.3\\..\..\dft\simd" /I"C:\Users\Chris\Desktop\VRLLib_FS\fftw-3.3-Lib\MSVC2010\libfftw-3.3\\..\..\dft\scalar" /I"C:\Users\Chris\Desktop\VRLLib_FS\fftw-3.3-Lib\MSVC2010\libfftw-3.3\\..\..\rdft" /I"C:\Users\Chris\Desktop\VRLLib_FS\fftw-3.3-Lib\MSVC2010\libfftw-3.3\\..\..\rdft\simd" /I"C:\Users\Chris\Desktop\VRLLib_FS\fftw-3.3-Lib\MSVC2010\libfftw-3.3\\..\..\rdft\scalar" /I"C:\Users\Chris\Desktop\VRLLib_FS\fftw-3.3-Lib\MSVC2010\libfftw-3.3\\..\..\reodft" /I"C:\Users\Chris\Desktop\VRLLib_FS\fftw-3.3-Lib\MSVC2010\libfftw-3.3\\..\..\simd-support" /I"C:\Users\Chris\Desktop\VRLLib_FS\fftw-3.3-Lib\MSVC2010\libfftw-3.3\\..\..\threads" /Zi /nologo /W3 /WX- /Od /D FFTW_DLL /D WIN64 /D _WIN64 /D _DEBUG /D _WINDOWS /D _USRDLL /D LIBFFTWF33_EXPORTS /Gm /EHsc /RTC1 /MTd /GS /fp:precise /Zc:wchar_t /Zc:forScope /openmp /Fo"x64\Debug\threads\\" /Fd"x64\Debug\vc100.pdb" /Gd /TC /errorReport:prompt ..\..\threads\api.c ..\..\threads\conf.c ..\..\threads\ct.c "..\..\threads\dft-vrank-geq1.c" ..\..\threads\f77api.c ..\..\threads\hc2hc.c ..\..\threads\openmp.c "..\..\threads\rdft-vrank-geq1.c" "..\..\threads\vrank-geq1-rdft2.c"
         vrank-geq1-rdft2.c
         rdft-vrank-geq1.c
         openmp.c
         hc2hc.c
         f77api.c
         dft-vrank-geq1.c
         ct.c
         conf.c
         api.c
     1>..\..\threads\api.c(80): warning C4244: '=' : conversion from 'INT' to 'int', possible loss of data
         Generating Code...
       Lib:
         c:\Program Files (x86)\Microsoft Visual Studio 10.0\VC\bin\x86_amd64\Lib.exe /OUT:"C:\Users\Chris\Desktop\VRLLib_FS\VRLLib\MSVC2010\VRLLib\x64\Debug\libfftw-3.3.lib" /NOLOGO x64\Debug\api\apiplan.obj
         x64\Debug\api\configure.obj
         "x64\Debug\api\execute-dft-c2r.obj"
         "x64\Debug\api\execute-dft-r2c.obj"
         "x64\Debug\api\execute-dft.obj"
         "x64\Debug\api\execute-r2r.obj"
         "x64\Debug\api\execute-split-dft-c2r.obj"
         "x64\Debug\api\execute-split-dft-r2c.obj"
         "x64\Debug\api\execute-split-dft.obj"
         x64\Debug\api\execute.obj
         "x64\Debug\api\export-wisdom-to-file.obj"
         "x64\Debug\api\export-wisdom-to-string.obj"
         "x64\Debug\api\export-wisdom.obj"
         x64\Debug\api\f77api.obj
         x64\Debug\api\flops.obj
         "x64\Debug\api\forget-wisdom.obj"
         "x64\Debug\api\import-system-wisdom.obj"
         "x64\Debug\api\import-wisdom-from-file.obj"
         "x64\Debug\api\import-wisdom-from-string.obj"
         "x64\Debug\api\import-wisdom.obj"
         x64\Debug\api\malloc.obj
         "x64\Debug\api\map-r2r-kind.obj"
         x64\Debug\api\mapflags.obj
         "x64\Debug\api\mkprinter-file.obj"
         "x64\Debug\api\mktensor-iodims.obj"
         "x64\Debug\api\mktensor-iodims64.obj"
         "x64\Debug\api\mktensor-rowmajor.obj"
         "x64\Debug\api\plan-dft-1d.obj"
         "x64\Debug\api\plan-dft-2d.obj"
         "x64\Debug\api\plan-dft-3d.obj"
         "x64\Debug\api\plan-dft-c2r-1d.obj"
         "x64\Debug\api\plan-dft-c2r-2d.obj"
         "x64\Debug\api\plan-dft-c2r-3d.obj"
         "x64\Debug\api\plan-dft-c2r.obj"
         "x64\Debug\api\plan-dft-r2c-1d.obj"
         "x64\Debug\api\plan-dft-r2c-2d.obj"
         "x64\Debug\api\plan-dft-r2c-3d.obj"
         "x64\Debug\api\plan-dft-r2c.obj"
         "x64\Debug\api\plan-dft.obj"
         "x64\Debug\api\plan-guru-dft-c2r.obj"
         "x64\Debug\api\plan-guru-dft-r2c.obj"
         "x64\Debug\api\plan-guru-dft.obj"
         "x64\Debug\api\plan-guru-r2r.obj"
         "x64\Debug\api\plan-guru-split-dft-c2r.obj"
         "x64\Debug\api\plan-guru-split-dft-r2c.obj"
         "x64\Debug\api\plan-guru-split-dft.obj"
         "x64\Debug\api\plan-guru64-dft-c2r.obj"
         "x64\Debug\api\plan-guru64-dft-r2c.obj"
         "x64\Debug\api\plan-guru64-dft.obj"
         "x64\Debug\api\plan-guru64-r2r.obj"
         "x64\Debug\api\plan-guru64-split-dft-c2r.obj"
         "x64\Debug\api\plan-guru64-split-dft-r2c.obj"
         "x64\Debug\api\plan-guru64-split-dft.obj"
         "x64\Debug\api\plan-many-dft-c2r.obj"
         "x64\Debug\api\plan-many-dft-r2c.obj"
         "x64\Debug\api\plan-many-dft.obj"
         "x64\Debug\api\plan-many-r2r.obj"
         "x64\Debug\api\plan-r2r-1d.obj"
         "x64\Debug\api\plan-r2r-2d.obj"
         "x64\Debug\api\plan-r2r-3d.obj"
         "x64\Debug\api\plan-r2r.obj"
         "x64\Debug\api\print-plan.obj"
         "x64\Debug\api\rdft2-pad.obj"
         "x64\Debug\api\the-planner.obj"
         x64\Debug\api\version.obj
         x64\Debug\dft\bluestein.obj
         x64\Debug\dft\buffered.obj
         x64\Debug\dft\conf.obj
         x64\Debug\dft\ct.obj
         "x64\Debug\dft\dftw-direct.obj"
         "x64\Debug\dft\dftw-directsq.obj"
         "x64\Debug\dft\dftw-generic.obj"
         "x64\Debug\dft\dftw-genericbuf.obj"
         x64\Debug\dft\direct.obj
         x64\Debug\dft\generic.obj
         "x64\Debug\dft\indirect-transpose.obj"
         x64\Debug\dft\indirect.obj
         "x64\Debug\dft\kdft-dif.obj"
         "x64\Debug\dft\kdft-difsq.obj"
         "x64\Debug\dft\kdft-dit.obj"
         x64\Debug\dft\kdft.obj
         x64\Debug\dft\nop.obj
         x64\Debug\dft\plan.obj
         x64\Debug\dft\problem.obj
         x64\Debug\dft\rader.obj
         "x64\Debug\dft\rank-geq2.obj"
         x64\Debug\dft\solve.obj
         "x64\Debug\dft\vrank-geq1.obj"
         x64\Debug\dft\zero.obj
         x64\Debug\dft\scalar\codelets\codlist.obj
         x64\Debug\dft\scalar\codelets\n1_10.obj
         x64\Debug\dft\scalar\codelets\n1_11.obj
         x64\Debug\dft\scalar\codelets\n1_12.obj
         x64\Debug\dft\scalar\codelets\n1_13.obj
         x64\Debug\dft\scalar\codelets\n1_14.obj
         x64\Debug\dft\scalar\codelets\n1_15.obj
         x64\Debug\dft\scalar\codelets\n1_16.obj
         x64\Debug\dft\scalar\codelets\n1_2.obj
         x64\Debug\dft\scalar\codelets\n1_20.obj
         x64\Debug\dft\scalar\codelets\n1_25.obj
         x64\Debug\dft\scalar\codelets\n1_3.obj
         x64\Debug\dft\scalar\codelets\n1_32.obj
         x64\Debug\dft\scalar\codelets\n1_4.obj
         x64\Debug\dft\scalar\codelets\n1_5.obj
         x64\Debug\dft\scalar\codelets\n1_6.obj
         x64\Debug\dft\scalar\codelets\n1_64.obj
         x64\Debug\dft\scalar\codelets\n1_7.obj
         x64\Debug\dft\scalar\codelets\n1_8.obj
         x64\Debug\dft\scalar\codelets\n1_9.obj
         x64\Debug\dft\scalar\codelets\q1_2.obj
         x64\Debug\dft\scalar\codelets\q1_3.obj
         x64\Debug\dft\scalar\codelets\q1_4.obj
         x64\Debug\dft\scalar\codelets\q1_5.obj
         x64\Debug\dft\scalar\codelets\q1_6.obj
         x64\Debug\dft\scalar\codelets\q1_8.obj
         x64\Debug\dft\scalar\codelets\t1_10.obj
         x64\Debug\dft\scalar\codelets\t1_12.obj
         x64\Debug\dft\scalar\codelets\t1_15.obj
         x64\Debug\dft\scalar\codelets\t1_16.obj
         x64\Debug\dft\scalar\codelets\t1_2.obj
         x64\Debug\dft\scalar\codelets\t1_20.obj
         x64\Debug\dft\scalar\codelets\t1_25.obj
         x64\Debug\dft\scalar\codelets\t1_3.obj
         x64\Debug\dft\scalar\codelets\t1_32.obj
         x64\Debug\dft\scalar\codelets\t1_4.obj
         x64\Debug\dft\scalar\codelets\t1_5.obj
         x64\Debug\dft\scalar\codelets\t1_6.obj
         x64\Debug\dft\scalar\codelets\t1_64.obj
         x64\Debug\dft\scalar\codelets\t1_7.obj
         x64\Debug\dft\scalar\codelets\t1_8.obj
         x64\Debug\dft\scalar\codelets\t1_9.obj
         x64\Debug\dft\scalar\codelets\t2_10.obj
         x64\Debug\dft\scalar\codelets\t2_16.obj
         x64\Debug\dft\scalar\codelets\t2_20.obj
         x64\Debug\dft\scalar\codelets\t2_25.obj
         x64\Debug\dft\scalar\codelets\t2_32.obj
         x64\Debug\dft\scalar\codelets\t2_4.obj
         x64\Debug\dft\scalar\codelets\t2_5.obj
         x64\Debug\dft\scalar\codelets\t2_64.obj
         x64\Debug\dft\scalar\codelets\t2_8.obj
         x64\Debug\dft\scalar\n.obj
         x64\Debug\dft\scalar\t.obj
         x64\Debug\dft\simd\sse2\codlist.obj
         x64\Debug\dft\simd\sse2\genus.obj
         x64\Debug\dft\simd\sse2\n1bv_10.obj
         x64\Debug\dft\simd\sse2\n1bv_11.obj
         x64\Debug\dft\simd\sse2\n1bv_12.obj
         x64\Debug\dft\simd\sse2\n1bv_128.obj
         x64\Debug\dft\simd\sse2\n1bv_13.obj
         x64\Debug\dft\simd\sse2\n1bv_14.obj
         x64\Debug\dft\simd\sse2\n1bv_15.obj
         x64\Debug\dft\simd\sse2\n1bv_16.obj
         x64\Debug\dft\simd\sse2\n1bv_2.obj
         x64\Debug\dft\simd\sse2\n1bv_20.obj
         x64\Debug\dft\simd\sse2\n1bv_25.obj
         x64\Debug\dft\simd\sse2\n1bv_3.obj
         x64\Debug\dft\simd\sse2\n1bv_32.obj
         x64\Debug\dft\simd\sse2\n1bv_4.obj
         x64\Debug\dft\simd\sse2\n1bv_5.obj
         x64\Debug\dft\simd\sse2\n1bv_6.obj
         x64\Debug\dft\simd\sse2\n1bv_64.obj
         x64\Debug\dft\simd\sse2\n1bv_7.obj
         x64\Debug\dft\simd\sse2\n1bv_8.obj
         x64\Debug\dft\simd\sse2\n1bv_9.obj
         x64\Debug\dft\simd\sse2\n1fv_10.obj
         x64\Debug\dft\simd\sse2\n1fv_11.obj
         x64\Debug\dft\simd\sse2\n1fv_12.obj
         x64\Debug\dft\simd\sse2\n1fv_128.obj
         x64\Debug\dft\simd\sse2\n1fv_13.obj
         x64\Debug\dft\simd\sse2\n1fv_14.obj
         x64\Debug\dft\simd\sse2\n1fv_15.obj
         x64\Debug\dft\simd\sse2\n1fv_16.obj
         x64\Debug\dft\simd\sse2\n1fv_2.obj
         x64\Debug\dft\simd\sse2\n1fv_20.obj
         x64\Debug\dft\simd\sse2\n1fv_25.obj
         x64\Debug\dft\simd\sse2\n1fv_3.obj
         x64\Debug\dft\simd\sse2\n1fv_32.obj
         x64\Debug\dft\simd\sse2\n1fv_4.obj
         x64\Debug\dft\simd\sse2\n1fv_5.obj
         x64\Debug\dft\simd\sse2\n1fv_6.obj
         x64\Debug\dft\simd\sse2\n1fv_64.obj
         x64\Debug\dft\simd\sse2\n1fv_7.obj
         x64\Debug\dft\simd\sse2\n1fv_8.obj
         x64\Debug\dft\simd\sse2\n1fv_9.obj
         x64\Debug\dft\simd\sse2\n2bv_10.obj
         x64\Debug\dft\simd\sse2\n2bv_12.obj
         x64\Debug\dft\simd\sse2\n2bv_14.obj
         x64\Debug\dft\simd\sse2\n2bv_16.obj
         x64\Debug\dft\simd\sse2\n2bv_2.obj
         x64\Debug\dft\simd\sse2\n2bv_20.obj
         x64\Debug\dft\simd\sse2\n2bv_32.obj
         x64\Debug\dft\simd\sse2\n2bv_4.obj
         x64\Debug\dft\simd\sse2\n2bv_6.obj
         x64\Debug\dft\simd\sse2\n2bv_64.obj
         x64\Debug\dft\simd\sse2\n2bv_8.obj
         x64\Debug\dft\simd\sse2\n2fv_10.obj
         x64\Debug\dft\simd\sse2\n2fv_12.obj
         x64\Debug\dft\simd\sse2\n2fv_14.obj
         x64\Debug\dft\simd\sse2\n2fv_16.obj
         x64\Debug\dft\simd\sse2\n2fv_2.obj
         x64\Debug\dft\simd\sse2\n2fv_20.obj
         x64\Debug\dft\simd\sse2\n2fv_32.obj
         x64\Debug\dft\simd\sse2\n2fv_4.obj
         x64\Debug\dft\simd\sse2\n2fv_6.obj
         x64\Debug\dft\simd\sse2\n2fv_64.obj
         x64\Debug\dft\simd\sse2\n2fv_8.obj
         x64\Debug\dft\simd\sse2\n2sv_16.obj
         x64\Debug\dft\simd\sse2\n2sv_32.obj
         x64\Debug\dft\simd\sse2\n2sv_4.obj
         x64\Debug\dft\simd\sse2\n2sv_64.obj
         x64\Debug\dft\simd\sse2\n2sv_8.obj
         x64\Debug\dft\simd\sse2\q1bv_2.obj
         x64\Debug\dft\simd\sse2\q1bv_4.obj
         x64\Debug\dft\simd\sse2\q1bv_5.obj
         x64\Debug\dft\simd\sse2\q1bv_8.obj
         x64\Debug\dft\simd\sse2\q1fv_2.obj
         x64\Debug\dft\simd\sse2\q1fv_4.obj
         x64\Debug\dft\simd\sse2\q1fv_5.obj
         x64\Debug\dft\simd\sse2\q1fv_8.obj
         x64\Debug\dft\simd\sse2\t1buv_10.obj
         x64\Debug\dft\simd\sse2\t1buv_2.obj
         x64\Debug\dft\simd\sse2\t1buv_3.obj
         x64\Debug\dft\simd\sse2\t1buv_4.obj
         x64\Debug\dft\simd\sse2\t1buv_5.obj
         x64\Debug\dft\simd\sse2\t1buv_6.obj
         x64\Debug\dft\simd\sse2\t1buv_7.obj
         x64\Debug\dft\simd\sse2\t1buv_8.obj
         x64\Debug\dft\simd\sse2\t1buv_9.obj
         x64\Debug\dft\simd\sse2\t1bv_10.obj
         x64\Debug\dft\simd\sse2\t1bv_12.obj
         x64\Debug\dft\simd\sse2\t1bv_15.obj
         x64\Debug\dft\simd\sse2\t1bv_16.obj
         x64\Debug\dft\simd\sse2\t1bv_2.obj
         x64\Debug\dft\simd\sse2\t1bv_20.obj
         x64\Debug\dft\simd\sse2\t1bv_25.obj
         x64\Debug\dft\simd\sse2\t1bv_3.obj
         x64\Debug\dft\simd\sse2\t1bv_32.obj
         x64\Debug\dft\simd\sse2\t1bv_4.obj
         x64\Debug\dft\simd\sse2\t1bv_5.obj
         x64\Debug\dft\simd\sse2\t1bv_6.obj
         x64\Debug\dft\simd\sse2\t1bv_64.obj
         x64\Debug\dft\simd\sse2\t1bv_7.obj
         x64\Debug\dft\simd\sse2\t1bv_8.obj
         x64\Debug\dft\simd\sse2\t1bv_9.obj
         x64\Debug\dft\simd\sse2\t1fuv_10.obj
         x64\Debug\dft\simd\sse2\t1fuv_2.obj
         x64\Debug\dft\simd\sse2\t1fuv_3.obj
         x64\Debug\dft\simd\sse2\t1fuv_4.obj
         x64\Debug\dft\simd\sse2\t1fuv_5.obj
         x64\Debug\dft\simd\sse2\t1fuv_6.obj
         x64\Debug\dft\simd\sse2\t1fuv_7.obj
         x64\Debug\dft\simd\sse2\t1fuv_8.obj
         x64\Debug\dft\simd\sse2\t1fuv_9.obj
         x64\Debug\dft\simd\sse2\t1fv_10.obj
         x64\Debug\dft\simd\sse2\t1fv_12.obj
         x64\Debug\dft\simd\sse2\t1fv_15.obj
         x64\Debug\dft\simd\sse2\t1fv_16.obj
         x64\Debug\dft\simd\sse2\t1fv_2.obj
         x64\Debug\dft\simd\sse2\t1fv_20.obj
         x64\Debug\dft\simd\sse2\t1fv_25.obj
         x64\Debug\dft\simd\sse2\t1fv_3.obj
         x64\Debug\dft\simd\sse2\t1fv_32.obj
         x64\Debug\dft\simd\sse2\t1fv_4.obj
         x64\Debug\dft\simd\sse2\t1fv_5.obj
         x64\Debug\dft\simd\sse2\t1fv_6.obj
         x64\Debug\dft\simd\sse2\t1fv_64.obj
         x64\Debug\dft\simd\sse2\t1fv_7.obj
         x64\Debug\dft\simd\sse2\t1fv_8.obj
         x64\Debug\dft\simd\sse2\t1fv_9.obj
         x64\Debug\dft\simd\sse2\t1sv_16.obj
         x64\Debug\dft\simd\sse2\t1sv_2.obj
         x64\Debug\dft\simd\sse2\t1sv_32.obj
         x64\Debug\dft\simd\sse2\t1sv_4.obj
         x64\Debug\dft\simd\sse2\t1sv_8.obj
         x64\Debug\dft\simd\sse2\t2bv_10.obj
         x64\Debug\dft\simd\sse2\t2bv_16.obj
         x64\Debug\dft\simd\sse2\t2bv_2.obj
         x64\Debug\dft\simd\sse2\t2bv_20.obj
         x64\Debug\dft\simd\sse2\t2bv_25.obj
         x64\Debug\dft\simd\sse2\t2bv_32.obj
         x64\Debug\dft\simd\sse2\t2bv_4.obj
         x64\Debug\dft\simd\sse2\t2bv_5.obj
         x64\Debug\dft\simd\sse2\t2bv_64.obj
         x64\Debug\dft\simd\sse2\t2bv_8.obj
         x64\Debug\dft\simd\sse2\t2fv_10.obj
         x64\Debug\dft\simd\sse2\t2fv_16.obj
         x64\Debug\dft\simd\sse2\t2fv_2.obj
         x64\Debug\dft\simd\sse2\t2fv_20.obj
         x64\Debug\dft\simd\sse2\t2fv_25.obj
         x64\Debug\dft\simd\sse2\t2fv_32.obj
         x64\Debug\dft\simd\sse2\t2fv_4.obj
         x64\Debug\dft\simd\sse2\t2fv_5.obj
         x64\Debug\dft\simd\sse2\t2fv_64.obj
         x64\Debug\dft\simd\sse2\t2fv_8.obj
         x64\Debug\dft\simd\sse2\t2sv_16.obj
         x64\Debug\dft\simd\sse2\t2sv_32.obj
         x64\Debug\dft\simd\sse2\t2sv_4.obj
         x64\Debug\dft\simd\sse2\t2sv_8.obj
         x64\Debug\dft\simd\sse2\t3bv_10.obj
         x64\Debug\dft\simd\sse2\t3bv_16.obj
         x64\Debug\dft\simd\sse2\t3bv_20.obj
         x64\Debug\dft\simd\sse2\t3bv_25.obj
         x64\Debug\dft\simd\sse2\t3bv_32.obj
         x64\Debug\dft\simd\sse2\t3bv_4.obj
         x64\Debug\dft\simd\sse2\t3bv_5.obj
         x64\Debug\dft\simd\sse2\t3bv_8.obj
         x64\Debug\dft\simd\sse2\t3fv_10.obj
         x64\Debug\dft\simd\sse2\t3fv_16.obj
         x64\Debug\dft\simd\sse2\t3fv_20.obj
         x64\Debug\dft\simd\sse2\t3fv_25.obj
         x64\Debug\dft\simd\sse2\t3fv_32.obj
         x64\Debug\dft\simd\sse2\t3fv_4.obj
         x64\Debug\dft\simd\sse2\t3fv_5.obj
         x64\Debug\dft\simd\sse2\t3fv_8.obj
         x64\Debug\kernel\align.obj
         x64\Debug\kernel\alloc.obj
         x64\Debug\kernel\assert.obj
         x64\Debug\kernel\awake.obj
         x64\Debug\kernel\buffered.obj
         x64\Debug\kernel\cpy1d.obj
         "x64\Debug\kernel\cpy2d-pair.obj"
         x64\Debug\kernel\cpy2d.obj
         x64\Debug\kernel\ct.obj
         x64\Debug\kernel\debug.obj
         "x64\Debug\kernel\extract-reim.obj"
         x64\Debug\kernel\hash.obj
         x64\Debug\kernel\iabs.obj
         x64\Debug\kernel\kalloc.obj
         "x64\Debug\kernel\md5-1.obj"
         x64\Debug\kernel\md5.obj
         x64\Debug\kernel\minmax.obj
         x64\Debug\kernel\ops.obj
         x64\Debug\kernel\pickdim.obj
         x64\Debug\kernel\plan.obj
         x64\Debug\kernel\planner.obj
         x64\Debug\kernel\primes.obj
         x64\Debug\kernel\print.obj
         x64\Debug\kernel\problem.obj
         x64\Debug\kernel\rader.obj
         x64\Debug\kernel\scan.obj
         x64\Debug\kernel\solver.obj
         x64\Debug\kernel\solvtab.obj
         x64\Debug\kernel\stride.obj
         x64\Debug\kernel\tensor.obj
         x64\Debug\kernel\tensor1.obj
         x64\Debug\kernel\tensor2.obj
         x64\Debug\kernel\tensor3.obj
         x64\Debug\kernel\tensor4.obj
         x64\Debug\kernel\tensor5.obj
         x64\Debug\kernel\tensor7.obj
         x64\Debug\kernel\tensor8.obj
         x64\Debug\kernel\tensor9.obj
         x64\Debug\kernel\tile2d.obj
         x64\Debug\kernel\timer.obj
         x64\Debug\kernel\transpose.obj
         x64\Debug\kernel\trig.obj
         x64\Debug\kernel\twiddle.obj
         x64\Debug\rdft\buffered.obj
         x64\Debug\rdft\buffered2.obj
         x64\Debug\rdft\conf.obj
         "x64\Debug\rdft\ct-hc2c-direct.obj"
         "x64\Debug\rdft\ct-hc2c.obj"
         "x64\Debug\rdft\dft-r2hc.obj"
         "x64\Debug\rdft\dht-r2hc.obj"
         "x64\Debug\rdft\dht-rader.obj"
         "x64\Debug\rdft\direct-r2c.obj"
         "x64\Debug\rdft\direct-r2r.obj"
         x64\Debug\rdft\direct2.obj
         x64\Debug\rdft\generic.obj
         "x64\Debug\rdft\hc2hc-direct.obj"
         "x64\Debug\rdft\hc2hc-generic.obj"
         x64\Debug\rdft\hc2hc.obj
         x64\Debug\rdft\indirect.obj
         x64\Debug\rdft\khc2c.obj
         x64\Debug\rdft\khc2hc.obj
         x64\Debug\rdft\kr2c.obj
         x64\Debug\rdft\kr2r.obj
         x64\Debug\rdft\nop.obj
         x64\Debug\rdft\nop2.obj
         x64\Debug\rdft\plan.obj
         x64\Debug\rdft\plan2.obj
         x64\Debug\rdft\problem.obj
         x64\Debug\rdft\problem2.obj
         "x64\Debug\rdft\rank-geq2-rdft2.obj"
         "x64\Debug\rdft\rank-geq2.obj"
         "x64\Debug\rdft\rank0-rdft2.obj"
         x64\Debug\rdft\rank0.obj
         "x64\Debug\rdft\rdft-dht.obj"
         "x64\Debug\rdft\rdft2-inplace-strides.obj"
         "x64\Debug\rdft\rdft2-rdft.obj"
         "x64\Debug\rdft\rdft2-strides.obj"
         "x64\Debug\rdft\rdft2-tensor-max-index.obj"
         x64\Debug\rdft\solve.obj
         x64\Debug\rdft\solve2.obj
         "x64\Debug\rdft\vrank-geq1-rdft2.obj"
         "x64\Debug\rdft\vrank-geq1.obj"
         "x64\Debug\rdft\vrank3-transpose.obj"
         x64\Debug\rdft\scalar\hc2c.obj
         x64\Debug\rdft\scalar\hfb.obj
         x64\Debug\rdft\scalar\r2c.obj
         x64\Debug\rdft\scalar\r2r.obj
         x64\Debug\rdft\scalar\r2cb\codlist.obj
         x64\Debug\rdft\scalar\r2cb\hb2_16.obj
         x64\Debug\rdft\scalar\r2cb\hb2_20.obj
         x64\Debug\rdft\scalar\r2cb\hb2_25.obj
         x64\Debug\rdft\scalar\r2cb\hb2_32.obj
         x64\Debug\rdft\scalar\r2cb\hb2_4.obj
         x64\Debug\rdft\scalar\r2cb\hb2_5.obj
         x64\Debug\rdft\scalar\r2cb\hb2_8.obj
         x64\Debug\rdft\scalar\r2cb\hb_10.obj
         x64\Debug\rdft\scalar\r2cb\hb_12.obj
         x64\Debug\rdft\scalar\r2cb\hb_15.obj
         x64\Debug\rdft\scalar\r2cb\hb_16.obj
         x64\Debug\rdft\scalar\r2cb\hb_2.obj
         x64\Debug\rdft\scalar\r2cb\hb_20.obj
         x64\Debug\rdft\scalar\r2cb\hb_25.obj
         x64\Debug\rdft\scalar\r2cb\hb_3.obj
         x64\Debug\rdft\scalar\r2cb\hb_32.obj
         x64\Debug\rdft\scalar\r2cb\hb_4.obj
         x64\Debug\rdft\scalar\r2cb\hb_5.obj
         x64\Debug\rdft\scalar\r2cb\hb_6.obj
         x64\Debug\rdft\scalar\r2cb\hb_64.obj
         x64\Debug\rdft\scalar\r2cb\hb_7.obj
         x64\Debug\rdft\scalar\r2cb\hb_8.obj
         x64\Debug\rdft\scalar\r2cb\hb_9.obj
         x64\Debug\rdft\scalar\r2cb\hc2cb2_16.obj
         x64\Debug\rdft\scalar\r2cb\hc2cb2_20.obj
         x64\Debug\rdft\scalar\r2cb\hc2cb2_32.obj
         x64\Debug\rdft\scalar\r2cb\hc2cb2_4.obj
         x64\Debug\rdft\scalar\r2cb\hc2cb2_8.obj
         x64\Debug\rdft\scalar\r2cb\hc2cbdft2_16.obj
         x64\Debug\rdft\scalar\r2cb\hc2cbdft2_20.obj
         x64\Debug\rdft\scalar\r2cb\hc2cbdft2_32.obj
         x64\Debug\rdft\scalar\r2cb\hc2cbdft2_4.obj
         x64\Debug\rdft\scalar\r2cb\hc2cbdft2_8.obj
         x64\Debug\rdft\scalar\r2cb\hc2cbdft_10.obj
         x64\Debug\rdft\scalar\r2cb\hc2cbdft_12.obj
         x64\Debug\rdft\scalar\r2cb\hc2cbdft_16.obj
         x64\Debug\rdft\scalar\r2cb\hc2cbdft_2.obj
         x64\Debug\rdft\scalar\r2cb\hc2cbdft_20.obj
         x64\Debug\rdft\scalar\r2cb\hc2cbdft_32.obj
         x64\Debug\rdft\scalar\r2cb\hc2cbdft_4.obj
         x64\Debug\rdft\scalar\r2cb\hc2cbdft_6.obj
         x64\Debug\rdft\scalar\r2cb\hc2cbdft_8.obj
         x64\Debug\rdft\scalar\r2cb\hc2cb_10.obj
         x64\Debug\rdft\scalar\r2cb\hc2cb_12.obj
         x64\Debug\rdft\scalar\r2cb\hc2cb_16.obj
         x64\Debug\rdft\scalar\r2cb\hc2cb_2.obj
         x64\Debug\rdft\scalar\r2cb\hc2cb_20.obj
         x64\Debug\rdft\scalar\r2cb\hc2cb_32.obj
         x64\Debug\rdft\scalar\r2cb\hc2cb_4.obj
         x64\Debug\rdft\scalar\r2cb\hc2cb_6.obj
         x64\Debug\rdft\scalar\r2cb\hc2cb_8.obj
         x64\Debug\rdft\scalar\r2cb\r2cbIII_10.obj
         x64\Debug\rdft\scalar\r2cb\r2cbIII_12.obj
         x64\Debug\rdft\scalar\r2cb\r2cbIII_15.obj
         x64\Debug\rdft\scalar\r2cb\r2cbIII_16.obj
         x64\Debug\rdft\scalar\r2cb\r2cbIII_2.obj
         x64\Debug\rdft\scalar\r2cb\r2cbIII_20.obj
         x64\Debug\rdft\scalar\r2cb\r2cbIII_25.obj
         x64\Debug\rdft\scalar\r2cb\r2cbIII_3.obj
         x64\Debug\rdft\scalar\r2cb\r2cbIII_32.obj
         x64\Debug\rdft\scalar\r2cb\r2cbIII_4.obj
         x64\Debug\rdft\scalar\r2cb\r2cbIII_5.obj
         x64\Debug\rdft\scalar\r2cb\r2cbIII_6.obj
         x64\Debug\rdft\scalar\r2cb\r2cbIII_64.obj
         x64\Debug\rdft\scalar\r2cb\r2cbIII_7.obj
         x64\Debug\rdft\scalar\r2cb\r2cbIII_8.obj
         x64\Debug\rdft\scalar\r2cb\r2cbIII_9.obj
         x64\Debug\rdft\scalar\r2cb\r2cb_10.obj
         x64\Debug\rdft\scalar\r2cb\r2cb_11.obj
         x64\Debug\rdft\scalar\r2cb\r2cb_12.obj
         x64\Debug\rdft\scalar\r2cb\r2cb_128.obj
         x64\Debug\rdft\scalar\r2cb\r2cb_13.obj
         x64\Debug\rdft\scalar\r2cb\r2cb_14.obj
         x64\Debug\rdft\scalar\r2cb\r2cb_15.obj
         x64\Debug\rdft\scalar\r2cb\r2cb_16.obj
         x64\Debug\rdft\scalar\r2cb\r2cb_2.obj
         x64\Debug\rdft\scalar\r2cb\r2cb_20.obj
         x64\Debug\rdft\scalar\r2cb\r2cb_25.obj
         x64\Debug\rdft\scalar\r2cb\r2cb_3.obj
         x64\Debug\rdft\scalar\r2cb\r2cb_32.obj
         x64\Debug\rdft\scalar\r2cb\r2cb_4.obj
         x64\Debug\rdft\scalar\r2cb\r2cb_5.obj
         x64\Debug\rdft\scalar\r2cb\r2cb_6.obj
         x64\Debug\rdft\scalar\r2cb\r2cb_64.obj
         x64\Debug\rdft\scalar\r2cb\r2cb_7.obj
         x64\Debug\rdft\scalar\r2cb\r2cb_8.obj
         x64\Debug\rdft\scalar\r2cb\r2cb_9.obj
         x64\Debug\rdft\scalar\r2cf\codlist.obj
         x64\Debug\rdft\scalar\r2cf\hc2cf2_16.obj
         x64\Debug\rdft\scalar\r2cf\hc2cf2_20.obj
         x64\Debug\rdft\scalar\r2cf\hc2cf2_32.obj
         x64\Debug\rdft\scalar\r2cf\hc2cf2_4.obj
         x64\Debug\rdft\scalar\r2cf\hc2cf2_8.obj
         x64\Debug\rdft\scalar\r2cf\hc2cfdft2_16.obj
         x64\Debug\rdft\scalar\r2cf\hc2cfdft2_20.obj
         x64\Debug\rdft\scalar\r2cf\hc2cfdft2_32.obj
         x64\Debug\rdft\scalar\r2cf\hc2cfdft2_4.obj
         x64\Debug\rdft\scalar\r2cf\hc2cfdft2_8.obj
         x64\Debug\rdft\scalar\r2cf\hc2cfdft_10.obj
         x64\Debug\rdft\scalar\r2cf\hc2cfdft_12.obj
         x64\Debug\rdft\scalar\r2cf\hc2cfdft_16.obj
         x64\Debug\rdft\scalar\r2cf\hc2cfdft_2.obj
         x64\Debug\rdft\scalar\r2cf\hc2cfdft_20.obj
         x64\Debug\rdft\scalar\r2cf\hc2cfdft_32.obj
         x64\Debug\rdft\scalar\r2cf\hc2cfdft_4.obj
         x64\Debug\rdft\scalar\r2cf\hc2cfdft_6.obj
         x64\Debug\rdft\scalar\r2cf\hc2cfdft_8.obj
         x64\Debug\rdft\scalar\r2cf\hc2cf_10.obj
         x64\Debug\rdft\scalar\r2cf\hc2cf_12.obj
         x64\Debug\rdft\scalar\r2cf\hc2cf_16.obj
         x64\Debug\rdft\scalar\r2cf\hc2cf_2.obj
         x64\Debug\rdft\scalar\r2cf\hc2cf_20.obj
         x64\Debug\rdft\scalar\r2cf\hc2cf_32.obj
         x64\Debug\rdft\scalar\r2cf\hc2cf_4.obj
         x64\Debug\rdft\scalar\r2cf\hc2cf_6.obj
         x64\Debug\rdft\scalar\r2cf\hc2cf_8.obj
         x64\Debug\rdft\scalar\r2cf\hf2_16.obj
         x64\Debug\rdft\scalar\r2cf\hf2_20.obj
         x64\Debug\rdft\scalar\r2cf\hf2_25.obj
         x64\Debug\rdft\scalar\r2cf\hf2_32.obj
         x64\Debug\rdft\scalar\r2cf\hf2_4.obj
         x64\Debug\rdft\scalar\r2cf\hf2_5.obj
         x64\Debug\rdft\scalar\r2cf\hf2_8.obj
         x64\Debug\rdft\scalar\r2cf\hf_10.obj
         x64\Debug\rdft\scalar\r2cf\hf_12.obj
         x64\Debug\rdft\scalar\r2cf\hf_15.obj
         x64\Debug\rdft\scalar\r2cf\hf_16.obj
         x64\Debug\rdft\scalar\r2cf\hf_2.obj
         x64\Debug\rdft\scalar\r2cf\hf_20.obj
         x64\Debug\rdft\scalar\r2cf\hf_25.obj
         x64\Debug\rdft\scalar\r2cf\hf_3.obj
         x64\Debug\rdft\scalar\r2cf\hf_32.obj
         x64\Debug\rdft\scalar\r2cf\hf_4.obj
         x64\Debug\rdft\scalar\r2cf\hf_5.obj
         x64\Debug\rdft\scalar\r2cf\hf_6.obj
         x64\Debug\rdft\scalar\r2cf\hf_64.obj
         x64\Debug\rdft\scalar\r2cf\hf_7.obj
         x64\Debug\rdft\scalar\r2cf\hf_8.obj
         x64\Debug\rdft\scalar\r2cf\hf_9.obj
         x64\Debug\rdft\scalar\r2cf\r2cfII_10.obj
         x64\Debug\rdft\scalar\r2cf\r2cfII_12.obj
         x64\Debug\rdft\scalar\r2cf\r2cfII_15.obj
         x64\Debug\rdft\scalar\r2cf\r2cfII_16.obj
         x64\Debug\rdft\scalar\r2cf\r2cfII_2.obj
         x64\Debug\rdft\scalar\r2cf\r2cfII_20.obj
         x64\Debug\rdft\scalar\r2cf\r2cfII_25.obj
         x64\Debug\rdft\scalar\r2cf\r2cfII_3.obj
         x64\Debug\rdft\scalar\r2cf\r2cfII_32.obj
         x64\Debug\rdft\scalar\r2cf\r2cfII_4.obj
         x64\Debug\rdft\scalar\r2cf\r2cfII_5.obj
         x64\Debug\rdft\scalar\r2cf\r2cfII_6.obj
         x64\Debug\rdft\scalar\r2cf\r2cfII_64.obj
         x64\Debug\rdft\scalar\r2cf\r2cfII_7.obj
         x64\Debug\rdft\scalar\r2cf\r2cfII_8.obj
         x64\Debug\rdft\scalar\r2cf\r2cfII_9.obj
         x64\Debug\rdft\scalar\r2cf\r2cf_10.obj
         x64\Debug\rdft\scalar\r2cf\r2cf_11.obj
         x64\Debug\rdft\scalar\r2cf\r2cf_12.obj
         x64\Debug\rdft\scalar\r2cf\r2cf_128.obj
         x64\Debug\rdft\scalar\r2cf\r2cf_13.obj
         x64\Debug\rdft\scalar\r2cf\r2cf_14.obj
         x64\Debug\rdft\scalar\r2cf\r2cf_15.obj
         x64\Debug\rdft\scalar\r2cf\r2cf_16.obj
         x64\Debug\rdft\scalar\r2cf\r2cf_2.obj
         x64\Debug\rdft\scalar\r2cf\r2cf_20.obj
         x64\Debug\rdft\scalar\r2cf\r2cf_25.obj
         x64\Debug\rdft\scalar\r2cf\r2cf_3.obj
         x64\Debug\rdft\scalar\r2cf\r2cf_32.obj
         x64\Debug\rdft\scalar\r2cf\r2cf_4.obj
         x64\Debug\rdft\scalar\r2cf\r2cf_5.obj
         x64\Debug\rdft\scalar\r2cf\r2cf_6.obj
         x64\Debug\rdft\scalar\r2cf\r2cf_64.obj
         x64\Debug\rdft\scalar\r2cf\r2cf_7.obj
         x64\Debug\rdft\scalar\r2cf\r2cf_8.obj
         x64\Debug\rdft\scalar\r2cf\r2cf_9.obj
         x64\Debug\rdft\scalar\r2r\codlist.obj
         x64\Debug\rdft\scalar\r2r\e01_8.obj
         x64\Debug\rdft\scalar\r2r\e10_8.obj
         x64\Debug\rdft\simd\sse2\codlist.obj
         x64\Debug\rdft\simd\sse2\genus.obj
         x64\Debug\rdft\simd\sse2\hc2cbdftv_10.obj
         x64\Debug\rdft\simd\sse2\hc2cbdftv_12.obj
         x64\Debug\rdft\simd\sse2\hc2cbdftv_16.obj
         x64\Debug\rdft\simd\sse2\hc2cbdftv_2.obj
         x64\Debug\rdft\simd\sse2\hc2cbdftv_20.obj
         x64\Debug\rdft\simd\sse2\hc2cbdftv_32.obj
         x64\Debug\rdft\simd\sse2\hc2cbdftv_4.obj
         x64\Debug\rdft\simd\sse2\hc2cbdftv_6.obj
         x64\Debug\rdft\simd\sse2\hc2cbdftv_8.obj
         x64\Debug\rdft\simd\sse2\hc2cfdftv_10.obj
         x64\Debug\rdft\simd\sse2\hc2cfdftv_12.obj
         x64\Debug\rdft\simd\sse2\hc2cfdftv_16.obj
         x64\Debug\rdft\simd\sse2\hc2cfdftv_2.obj
         x64\Debug\rdft\simd\sse2\hc2cfdftv_20.obj
         x64\Debug\rdft\simd\sse2\hc2cfdftv_32.obj
         x64\Debug\rdft\simd\sse2\hc2cfdftv_4.obj
         x64\Debug\rdft\simd\sse2\hc2cfdftv_6.obj
         x64\Debug\rdft\simd\sse2\hc2cfdftv_8.obj
         x64\Debug\reodft\conf.obj
         "x64\Debug\reodft\redft00e-r2hc-pad.obj"
         "x64\Debug\reodft\redft00e-r2hc.obj"
         "x64\Debug\reodft\reodft00e-splitradix.obj"
         "x64\Debug\reodft\reodft010e-r2hc.obj"
         "x64\Debug\reodft\reodft11e-r2hc-odd.obj"
         "x64\Debug\reodft\reodft11e-r2hc.obj"
         "x64\Debug\reodft\reodft11e-radix2.obj"
         "x64\Debug\reodft\rodft00e-r2hc-pad.obj"
         "x64\Debug\reodft\rodft00e-r2hc.obj"
         "x64\Debug\simd-support\sse2-nonportable.obj"
         "x64\Debug\simd-support\sse2.obj"
         "x64\Debug\simd-support\taint.obj"
         x64\Debug\threads\api.obj
         x64\Debug\threads\conf.obj
         x64\Debug\threads\ct.obj
         "x64\Debug\threads\dft-vrank-geq1.obj"
         x64\Debug\threads\f77api.obj
         x64\Debug\threads\hc2hc.obj
         x64\Debug\threads\openmp.obj
         "x64\Debug\threads\rdft-vrank-geq1.obj"
         "x64\Debug\threads\vrank-geq1-rdft2.obj"
         libfftw-3.3.vcxproj -> C:\Users\Chris\Desktop\VRLLib_FS\VRLLib\MSVC2010\VRLLib\x64\Debug\libfftw-3.3.lib
       FinalizeBuildStatus:
         Deleting file "x64\Debug\libfftw-3.3.unsuccessfulbuild".
         Touching "x64\Debug\libfftw-3.3.lastbuildstate".
     1>Done Building Project "C:\Users\Chris\Desktop\VRLLib_FS\fftw-3.3-Lib\MSVC2010\libfftw-3.3\libfftw-3.3.vcxproj" (build target(s)).

Build succeeded.

Time Elapsed 00:12:46.85
