C:\Users\Chris\Desktop\MCVS\tiff-4.0.3-Lib\MSVC2010\LibTIFF\x64\Debug\cl.command.1.tlog
C:\Users\Chris\Desktop\MCVS\tiff-4.0.3-Lib\MSVC2010\LibTIFF\x64\Debug\CL.read.1.tlog
C:\Users\Chris\Desktop\MCVS\tiff-4.0.3-Lib\MSVC2010\LibTIFF\x64\Debug\CL.write.1.tlog
C:\Users\Chris\Desktop\MCVS\tiff-4.0.3-Lib\MSVC2010\LibTIFF\x64\Debug\lib.command.1.tlog
C:\Users\Chris\Desktop\MCVS\tiff-4.0.3-Lib\MSVC2010\LibTIFF\x64\Debug\Lib-link.read.1.tlog
C:\Users\Chris\Desktop\MCVS\tiff-4.0.3-Lib\MSVC2010\LibTIFF\x64\Debug\Lib-link.write.1.tlog
C:\USERS\CHRIS\DESKTOP\MCVS\TIFF-4.0.3-LIB\MSVC2010\LIBTIFF\X64\DEBUG\MKG3STATES.OBJ
C:\USERS\CHRIS\DESKTOP\MCVS\TIFF-4.0.3-LIB\MSVC2010\LIBTIFF\X64\DEBUG\TIF_AUX.OBJ
C:\USERS\CHRIS\DESKTOP\MCVS\TIFF-4.0.3-LIB\MSVC2010\LIBTIFF\X64\DEBUG\TIF_CLOSE.OBJ
C:\USERS\CHRIS\DESKTOP\MCVS\TIFF-4.0.3-LIB\MSVC2010\LIBTIFF\X64\DEBUG\TIF_CODEC.OBJ
C:\USERS\CHRIS\DESKTOP\MCVS\TIFF-4.0.3-LIB\MSVC2010\LIBTIFF\X64\DEBUG\TIF_COLOR.OBJ
C:\USERS\CHRIS\DESKTOP\MCVS\TIFF-4.0.3-LIB\MSVC2010\LIBTIFF\X64\DEBUG\TIF_COMPRESS.OBJ
C:\USERS\CHRIS\DESKTOP\MCVS\TIFF-4.0.3-LIB\MSVC2010\LIBTIFF\X64\DEBUG\TIF_DIR.OBJ
C:\USERS\CHRIS\DESKTOP\MCVS\TIFF-4.0.3-LIB\MSVC2010\LIBTIFF\X64\DEBUG\TIF_DIRINFO.OBJ
C:\USERS\CHRIS\DESKTOP\MCVS\TIFF-4.0.3-LIB\MSVC2010\LIBTIFF\X64\DEBUG\TIF_DIRREAD.OBJ
C:\USERS\CHRIS\DESKTOP\MCVS\TIFF-4.0.3-LIB\MSVC2010\LIBTIFF\X64\DEBUG\TIF_DIRWRITE.OBJ
C:\USERS\CHRIS\DESKTOP\MCVS\TIFF-4.0.3-LIB\MSVC2010\LIBTIFF\X64\DEBUG\TIF_DUMPMODE.OBJ
C:\USERS\CHRIS\DESKTOP\MCVS\TIFF-4.0.3-LIB\MSVC2010\LIBTIFF\X64\DEBUG\TIF_ERROR.OBJ
C:\USERS\CHRIS\DESKTOP\MCVS\TIFF-4.0.3-LIB\MSVC2010\LIBTIFF\X64\DEBUG\TIF_EXTENSION.OBJ
C:\USERS\CHRIS\DESKTOP\MCVS\TIFF-4.0.3-LIB\MSVC2010\LIBTIFF\X64\DEBUG\TIF_FAX3.OBJ
C:\USERS\CHRIS\DESKTOP\MCVS\TIFF-4.0.3-LIB\MSVC2010\LIBTIFF\X64\DEBUG\TIF_FAX3SM.OBJ
C:\USERS\CHRIS\DESKTOP\MCVS\TIFF-4.0.3-LIB\MSVC2010\LIBTIFF\X64\DEBUG\TIF_FLUSH.OBJ
C:\USERS\CHRIS\DESKTOP\MCVS\TIFF-4.0.3-LIB\MSVC2010\LIBTIFF\X64\DEBUG\TIF_GETIMAGE.OBJ
C:\USERS\CHRIS\DESKTOP\MCVS\TIFF-4.0.3-LIB\MSVC2010\LIBTIFF\X64\DEBUG\TIF_JBIG.OBJ
C:\USERS\CHRIS\DESKTOP\MCVS\TIFF-4.0.3-LIB\MSVC2010\LIBTIFF\X64\DEBUG\TIF_JPEG.OBJ
C:\USERS\CHRIS\DESKTOP\MCVS\TIFF-4.0.3-LIB\MSVC2010\LIBTIFF\X64\DEBUG\TIF_JPEG_12.OBJ
C:\USERS\CHRIS\DESKTOP\MCVS\TIFF-4.0.3-LIB\MSVC2010\LIBTIFF\X64\DEBUG\TIF_LUV.OBJ
C:\USERS\CHRIS\DESKTOP\MCVS\TIFF-4.0.3-LIB\MSVC2010\LIBTIFF\X64\DEBUG\TIF_LZMA.OBJ
C:\USERS\CHRIS\DESKTOP\MCVS\TIFF-4.0.3-LIB\MSVC2010\LIBTIFF\X64\DEBUG\TIF_LZW.OBJ
C:\USERS\CHRIS\DESKTOP\MCVS\TIFF-4.0.3-LIB\MSVC2010\LIBTIFF\X64\DEBUG\TIF_NEXT.OBJ
C:\USERS\CHRIS\DESKTOP\MCVS\TIFF-4.0.3-LIB\MSVC2010\LIBTIFF\X64\DEBUG\TIF_OJPEG.OBJ
C:\USERS\CHRIS\DESKTOP\MCVS\TIFF-4.0.3-LIB\MSVC2010\LIBTIFF\X64\DEBUG\TIF_OPEN.OBJ
C:\USERS\CHRIS\DESKTOP\MCVS\TIFF-4.0.3-LIB\MSVC2010\LIBTIFF\X64\DEBUG\TIF_PACKBITS.OBJ
C:\USERS\CHRIS\DESKTOP\MCVS\TIFF-4.0.3-LIB\MSVC2010\LIBTIFF\X64\DEBUG\TIF_PIXARLOG.OBJ
C:\USERS\CHRIS\DESKTOP\MCVS\TIFF-4.0.3-LIB\MSVC2010\LIBTIFF\X64\DEBUG\TIF_PREDICT.OBJ
C:\USERS\CHRIS\DESKTOP\MCVS\TIFF-4.0.3-LIB\MSVC2010\LIBTIFF\X64\DEBUG\TIF_PRINT.OBJ
C:\USERS\CHRIS\DESKTOP\MCVS\TIFF-4.0.3-LIB\MSVC2010\LIBTIFF\X64\DEBUG\TIF_READ.OBJ
C:\USERS\CHRIS\DESKTOP\MCVS\TIFF-4.0.3-LIB\MSVC2010\LIBTIFF\X64\DEBUG\TIF_STREAM.OBJ
C:\USERS\CHRIS\DESKTOP\MCVS\TIFF-4.0.3-LIB\MSVC2010\LIBTIFF\X64\DEBUG\TIF_STRIP.OBJ
C:\USERS\CHRIS\DESKTOP\MCVS\TIFF-4.0.3-LIB\MSVC2010\LIBTIFF\X64\DEBUG\TIF_SWAB.OBJ
C:\USERS\CHRIS\DESKTOP\MCVS\TIFF-4.0.3-LIB\MSVC2010\LIBTIFF\X64\DEBUG\TIF_THUNDER.OBJ
C:\USERS\CHRIS\DESKTOP\MCVS\TIFF-4.0.3-LIB\MSVC2010\LIBTIFF\X64\DEBUG\TIF_TILE.OBJ
C:\USERS\CHRIS\DESKTOP\MCVS\TIFF-4.0.3-LIB\MSVC2010\LIBTIFF\X64\DEBUG\TIF_UNIX.OBJ
C:\USERS\CHRIS\DESKTOP\MCVS\TIFF-4.0.3-LIB\MSVC2010\LIBTIFF\X64\DEBUG\TIF_VERSION.OBJ
C:\USERS\CHRIS\DESKTOP\MCVS\TIFF-4.0.3-LIB\MSVC2010\LIBTIFF\X64\DEBUG\TIF_WARNING.OBJ
C:\USERS\CHRIS\DESKTOP\MCVS\TIFF-4.0.3-LIB\MSVC2010\LIBTIFF\X64\DEBUG\TIF_WIN32.OBJ
C:\USERS\CHRIS\DESKTOP\MCVS\TIFF-4.0.3-LIB\MSVC2010\LIBTIFF\X64\DEBUG\TIF_WRITE.OBJ
C:\USERS\CHRIS\DESKTOP\MCVS\TIFF-4.0.3-LIB\MSVC2010\LIBTIFF\X64\DEBUG\TIF_ZIP.OBJ
C:\Users\Chris\Desktop\MCVS\tiff-4.0.3-Lib\MSVC2010\LibTIFF\x64\Debug\vc100.idb
C:\USERS\CHRIS\DESKTOP\MCVS\TIFF-4.0.3-LIB\MSVC2010\LIBTIFF\X64\DEBUG\VC100.PDB
C:\USERS\CHRIS\DESKTOP\MCVS\WNDCHARM_FEATURES_EXTRACTOR\MSVC2010\FEATURE_EXTRACTOR\X64\DEBUG\LIBTIFF.LIB
