Build started 5/15/2013 3:02:37 PM.
     1>Project "c:\bisque\bqserver\bq\features\controllers\extractors\build\MSVCLib\fftw-3.3-Lib\MSVC2010\libfftw-3.3\libfftw-3.3.vcxproj" on node 2 (build target(s)).
     1>InitializeBuildStatus:
         Creating "x64\Release\libfftw-3.3.unsuccessfulbuild" because "AlwaysCreate" was specified.
       ClCompile:
         All outputs are up-to-date.
         All outputs are up-to-date.
         All outputs are up-to-date.
         All outputs are up-to-date.
         All outputs are up-to-date.
         All outputs are up-to-date.
         All outputs are up-to-date.
         All outputs are up-to-date.
         All outputs are up-to-date.
         All outputs are up-to-date.
         All outputs are up-to-date.
         All outputs are up-to-date.
         All outputs are up-to-date.
         All outputs are up-to-date.
         All outputs are up-to-date.
       Lib:
         All outputs are up-to-date.
         c:\Program Files (x86)\Microsoft Visual Studio 10.0\VC\bin\x86_amd64\Lib.exe /OUT:"C:\bisque\bqserver\bq\features\controllers\extractors\WNDCharm\MSVCLib\WNDCharm-Lib\MSVC2010\WNDCharmLib\x64\Release\libfftw-3.3.lib" /NOLOGO /LTCG x64\Release\api\apiplan.obj
         x64\Release\api\configure.obj
         "x64\Release\api\execute-dft-c2r.obj"
         "x64\Release\api\execute-dft-r2c.obj"
         "x64\Release\api\execute-dft.obj"
         "x64\Release\api\execute-r2r.obj"
         "x64\Release\api\execute-split-dft-c2r.obj"
         "x64\Release\api\execute-split-dft-r2c.obj"
         "x64\Release\api\execute-split-dft.obj"
         x64\Release\api\execute.obj
         "x64\Release\api\export-wisdom-to-file.obj"
         "x64\Release\api\export-wisdom-to-string.obj"
         "x64\Release\api\export-wisdom.obj"
         x64\Release\api\f77api.obj
         x64\Release\api\flops.obj
         "x64\Release\api\forget-wisdom.obj"
         "x64\Release\api\import-system-wisdom.obj"
         "x64\Release\api\import-wisdom-from-file.obj"
         "x64\Release\api\import-wisdom-from-string.obj"
         "x64\Release\api\import-wisdom.obj"
         x64\Release\api\malloc.obj
         "x64\Release\api\map-r2r-kind.obj"
         x64\Release\api\mapflags.obj
         "x64\Release\api\mkprinter-file.obj"
         "x64\Release\api\mktensor-iodims.obj"
         "x64\Release\api\mktensor-iodims64.obj"
         "x64\Release\api\mktensor-rowmajor.obj"
         "x64\Release\api\plan-dft-1d.obj"
         "x64\Release\api\plan-dft-2d.obj"
         "x64\Release\api\plan-dft-3d.obj"
         "x64\Release\api\plan-dft-c2r-1d.obj"
         "x64\Release\api\plan-dft-c2r-2d.obj"
         "x64\Release\api\plan-dft-c2r-3d.obj"
         "x64\Release\api\plan-dft-c2r.obj"
         "x64\Release\api\plan-dft-r2c-1d.obj"
         "x64\Release\api\plan-dft-r2c-2d.obj"
         "x64\Release\api\plan-dft-r2c-3d.obj"
         "x64\Release\api\plan-dft-r2c.obj"
         "x64\Release\api\plan-dft.obj"
         "x64\Release\api\plan-guru-dft-c2r.obj"
         "x64\Release\api\plan-guru-dft-r2c.obj"
         "x64\Release\api\plan-guru-dft.obj"
         "x64\Release\api\plan-guru-r2r.obj"
         "x64\Release\api\plan-guru-split-dft-c2r.obj"
         "x64\Release\api\plan-guru-split-dft-r2c.obj"
         "x64\Release\api\plan-guru-split-dft.obj"
         "x64\Release\api\plan-guru64-dft-c2r.obj"
         "x64\Release\api\plan-guru64-dft-r2c.obj"
         "x64\Release\api\plan-guru64-dft.obj"
         "x64\Release\api\plan-guru64-r2r.obj"
         "x64\Release\api\plan-guru64-split-dft-c2r.obj"
         "x64\Release\api\plan-guru64-split-dft-r2c.obj"
         "x64\Release\api\plan-guru64-split-dft.obj"
         "x64\Release\api\plan-many-dft-c2r.obj"
         "x64\Release\api\plan-many-dft-r2c.obj"
         "x64\Release\api\plan-many-dft.obj"
         "x64\Release\api\plan-many-r2r.obj"
         "x64\Release\api\plan-r2r-1d.obj"
         "x64\Release\api\plan-r2r-2d.obj"
         "x64\Release\api\plan-r2r-3d.obj"
         "x64\Release\api\plan-r2r.obj"
         "x64\Release\api\print-plan.obj"
         "x64\Release\api\rdft2-pad.obj"
         "x64\Release\api\the-planner.obj"
         x64\Release\api\version.obj
         x64\Release\dft\bluestein.obj
         x64\Release\dft\buffered.obj
         x64\Release\dft\conf.obj
         x64\Release\dft\ct.obj
         "x64\Release\dft\dftw-direct.obj"
         "x64\Release\dft\dftw-directsq.obj"
         "x64\Release\dft\dftw-generic.obj"
         "x64\Release\dft\dftw-genericbuf.obj"
         x64\Release\dft\direct.obj
         x64\Release\dft\generic.obj
         "x64\Release\dft\indirect-transpose.obj"
         x64\Release\dft\indirect.obj
         "x64\Release\dft\kdft-dif.obj"
         "x64\Release\dft\kdft-difsq.obj"
         "x64\Release\dft\kdft-dit.obj"
         x64\Release\dft\kdft.obj
         x64\Release\dft\nop.obj
         x64\Release\dft\plan.obj
         x64\Release\dft\problem.obj
         x64\Release\dft\rader.obj
         "x64\Release\dft\rank-geq2.obj"
         x64\Release\dft\solve.obj
         "x64\Release\dft\vrank-geq1.obj"
         x64\Release\dft\zero.obj
         x64\Release\dft\scalar\codelets\codlist.obj
         x64\Release\dft\scalar\codelets\n1_10.obj
         x64\Release\dft\scalar\codelets\n1_11.obj
         x64\Release\dft\scalar\codelets\n1_12.obj
         x64\Release\dft\scalar\codelets\n1_13.obj
         x64\Release\dft\scalar\codelets\n1_14.obj
         x64\Release\dft\scalar\codelets\n1_15.obj
         x64\Release\dft\scalar\codelets\n1_16.obj
         x64\Release\dft\scalar\codelets\n1_2.obj
         x64\Release\dft\scalar\codelets\n1_20.obj
         x64\Release\dft\scalar\codelets\n1_25.obj
         x64\Release\dft\scalar\codelets\n1_3.obj
         x64\Release\dft\scalar\codelets\n1_32.obj
         x64\Release\dft\scalar\codelets\n1_4.obj
         x64\Release\dft\scalar\codelets\n1_5.obj
         x64\Release\dft\scalar\codelets\n1_6.obj
         x64\Release\dft\scalar\codelets\n1_64.obj
         x64\Release\dft\scalar\codelets\n1_7.obj
         x64\Release\dft\scalar\codelets\n1_8.obj
         x64\Release\dft\scalar\codelets\n1_9.obj
         x64\Release\dft\scalar\codelets\q1_2.obj
         x64\Release\dft\scalar\codelets\q1_3.obj
         x64\Release\dft\scalar\codelets\q1_4.obj
         x64\Release\dft\scalar\codelets\q1_5.obj
         x64\Release\dft\scalar\codelets\q1_6.obj
         x64\Release\dft\scalar\codelets\q1_8.obj
         x64\Release\dft\scalar\codelets\t1_10.obj
         x64\Release\dft\scalar\codelets\t1_12.obj
         x64\Release\dft\scalar\codelets\t1_15.obj
         x64\Release\dft\scalar\codelets\t1_16.obj
         x64\Release\dft\scalar\codelets\t1_2.obj
         x64\Release\dft\scalar\codelets\t1_20.obj
         x64\Release\dft\scalar\codelets\t1_25.obj
         x64\Release\dft\scalar\codelets\t1_3.obj
         x64\Release\dft\scalar\codelets\t1_32.obj
         x64\Release\dft\scalar\codelets\t1_4.obj
         x64\Release\dft\scalar\codelets\t1_5.obj
         x64\Release\dft\scalar\codelets\t1_6.obj
         x64\Release\dft\scalar\codelets\t1_64.obj
         x64\Release\dft\scalar\codelets\t1_7.obj
         x64\Release\dft\scalar\codelets\t1_8.obj
         x64\Release\dft\scalar\codelets\t1_9.obj
         x64\Release\dft\scalar\codelets\t2_10.obj
         x64\Release\dft\scalar\codelets\t2_16.obj
         x64\Release\dft\scalar\codelets\t2_20.obj
         x64\Release\dft\scalar\codelets\t2_25.obj
         x64\Release\dft\scalar\codelets\t2_32.obj
         x64\Release\dft\scalar\codelets\t2_4.obj
         x64\Release\dft\scalar\codelets\t2_5.obj
         x64\Release\dft\scalar\codelets\t2_64.obj
         x64\Release\dft\scalar\codelets\t2_8.obj
         x64\Release\dft\scalar\n.obj
         x64\Release\dft\scalar\t.obj
         x64\Release\dft\simd\sse2\codlist.obj
         x64\Release\dft\simd\sse2\genus.obj
         x64\Release\dft\simd\sse2\n1bv_10.obj
         x64\Release\dft\simd\sse2\n1bv_11.obj
         x64\Release\dft\simd\sse2\n1bv_12.obj
         x64\Release\dft\simd\sse2\n1bv_128.obj
         x64\Release\dft\simd\sse2\n1bv_13.obj
         x64\Release\dft\simd\sse2\n1bv_14.obj
         x64\Release\dft\simd\sse2\n1bv_15.obj
         x64\Release\dft\simd\sse2\n1bv_16.obj
         x64\Release\dft\simd\sse2\n1bv_2.obj
         x64\Release\dft\simd\sse2\n1bv_20.obj
         x64\Release\dft\simd\sse2\n1bv_25.obj
         x64\Release\dft\simd\sse2\n1bv_3.obj
         x64\Release\dft\simd\sse2\n1bv_32.obj
         x64\Release\dft\simd\sse2\n1bv_4.obj
         x64\Release\dft\simd\sse2\n1bv_5.obj
         x64\Release\dft\simd\sse2\n1bv_6.obj
         x64\Release\dft\simd\sse2\n1bv_64.obj
         x64\Release\dft\simd\sse2\n1bv_7.obj
         x64\Release\dft\simd\sse2\n1bv_8.obj
         x64\Release\dft\simd\sse2\n1bv_9.obj
         x64\Release\dft\simd\sse2\n1fv_10.obj
         x64\Release\dft\simd\sse2\n1fv_11.obj
         x64\Release\dft\simd\sse2\n1fv_12.obj
         x64\Release\dft\simd\sse2\n1fv_128.obj
         x64\Release\dft\simd\sse2\n1fv_13.obj
         x64\Release\dft\simd\sse2\n1fv_14.obj
         x64\Release\dft\simd\sse2\n1fv_15.obj
         x64\Release\dft\simd\sse2\n1fv_16.obj
         x64\Release\dft\simd\sse2\n1fv_2.obj
         x64\Release\dft\simd\sse2\n1fv_20.obj
         x64\Release\dft\simd\sse2\n1fv_25.obj
         x64\Release\dft\simd\sse2\n1fv_3.obj
         x64\Release\dft\simd\sse2\n1fv_32.obj
         x64\Release\dft\simd\sse2\n1fv_4.obj
         x64\Release\dft\simd\sse2\n1fv_5.obj
         x64\Release\dft\simd\sse2\n1fv_6.obj
         x64\Release\dft\simd\sse2\n1fv_64.obj
         x64\Release\dft\simd\sse2\n1fv_7.obj
         x64\Release\dft\simd\sse2\n1fv_8.obj
         x64\Release\dft\simd\sse2\n1fv_9.obj
         x64\Release\dft\simd\sse2\n2bv_10.obj
         x64\Release\dft\simd\sse2\n2bv_12.obj
         x64\Release\dft\simd\sse2\n2bv_14.obj
         x64\Release\dft\simd\sse2\n2bv_16.obj
         x64\Release\dft\simd\sse2\n2bv_2.obj
         x64\Release\dft\simd\sse2\n2bv_20.obj
         x64\Release\dft\simd\sse2\n2bv_32.obj
         x64\Release\dft\simd\sse2\n2bv_4.obj
         x64\Release\dft\simd\sse2\n2bv_6.obj
         x64\Release\dft\simd\sse2\n2bv_64.obj
         x64\Release\dft\simd\sse2\n2bv_8.obj
         x64\Release\dft\simd\sse2\n2fv_10.obj
         x64\Release\dft\simd\sse2\n2fv_12.obj
         x64\Release\dft\simd\sse2\n2fv_14.obj
         x64\Release\dft\simd\sse2\n2fv_16.obj
         x64\Release\dft\simd\sse2\n2fv_2.obj
         x64\Release\dft\simd\sse2\n2fv_20.obj
         x64\Release\dft\simd\sse2\n2fv_32.obj
         x64\Release\dft\simd\sse2\n2fv_4.obj
         x64\Release\dft\simd\sse2\n2fv_6.obj
         x64\Release\dft\simd\sse2\n2fv_64.obj
         x64\Release\dft\simd\sse2\n2fv_8.obj
         x64\Release\dft\simd\sse2\n2sv_16.obj
         x64\Release\dft\simd\sse2\n2sv_32.obj
         x64\Release\dft\simd\sse2\n2sv_4.obj
         x64\Release\dft\simd\sse2\n2sv_64.obj
         x64\Release\dft\simd\sse2\n2sv_8.obj
         x64\Release\dft\simd\sse2\q1bv_2.obj
         x64\Release\dft\simd\sse2\q1bv_4.obj
         x64\Release\dft\simd\sse2\q1bv_5.obj
         x64\Release\dft\simd\sse2\q1bv_8.obj
         x64\Release\dft\simd\sse2\q1fv_2.obj
         x64\Release\dft\simd\sse2\q1fv_4.obj
         x64\Release\dft\simd\sse2\q1fv_5.obj
         x64\Release\dft\simd\sse2\q1fv_8.obj
         x64\Release\dft\simd\sse2\t1buv_10.obj
         x64\Release\dft\simd\sse2\t1buv_2.obj
         x64\Release\dft\simd\sse2\t1buv_3.obj
         x64\Release\dft\simd\sse2\t1buv_4.obj
         x64\Release\dft\simd\sse2\t1buv_5.obj
         x64\Release\dft\simd\sse2\t1buv_6.obj
         x64\Release\dft\simd\sse2\t1buv_7.obj
         x64\Release\dft\simd\sse2\t1buv_8.obj
         x64\Release\dft\simd\sse2\t1buv_9.obj
         x64\Release\dft\simd\sse2\t1bv_10.obj
         x64\Release\dft\simd\sse2\t1bv_12.obj
         x64\Release\dft\simd\sse2\t1bv_15.obj
         x64\Release\dft\simd\sse2\t1bv_16.obj
         x64\Release\dft\simd\sse2\t1bv_2.obj
         x64\Release\dft\simd\sse2\t1bv_20.obj
         x64\Release\dft\simd\sse2\t1bv_25.obj
         x64\Release\dft\simd\sse2\t1bv_3.obj
         x64\Release\dft\simd\sse2\t1bv_32.obj
         x64\Release\dft\simd\sse2\t1bv_4.obj
         x64\Release\dft\simd\sse2\t1bv_5.obj
         x64\Release\dft\simd\sse2\t1bv_6.obj
         x64\Release\dft\simd\sse2\t1bv_64.obj
         x64\Release\dft\simd\sse2\t1bv_7.obj
         x64\Release\dft\simd\sse2\t1bv_8.obj
         x64\Release\dft\simd\sse2\t1bv_9.obj
         x64\Release\dft\simd\sse2\t1fuv_10.obj
         x64\Release\dft\simd\sse2\t1fuv_2.obj
         x64\Release\dft\simd\sse2\t1fuv_3.obj
         x64\Release\dft\simd\sse2\t1fuv_4.obj
         x64\Release\dft\simd\sse2\t1fuv_5.obj
         x64\Release\dft\simd\sse2\t1fuv_6.obj
         x64\Release\dft\simd\sse2\t1fuv_7.obj
         x64\Release\dft\simd\sse2\t1fuv_8.obj
         x64\Release\dft\simd\sse2\t1fuv_9.obj
         x64\Release\dft\simd\sse2\t1fv_10.obj
         x64\Release\dft\simd\sse2\t1fv_12.obj
         x64\Release\dft\simd\sse2\t1fv_15.obj
         x64\Release\dft\simd\sse2\t1fv_16.obj
         x64\Release\dft\simd\sse2\t1fv_2.obj
         x64\Release\dft\simd\sse2\t1fv_20.obj
         x64\Release\dft\simd\sse2\t1fv_25.obj
         x64\Release\dft\simd\sse2\t1fv_3.obj
         x64\Release\dft\simd\sse2\t1fv_32.obj
         x64\Release\dft\simd\sse2\t1fv_4.obj
         x64\Release\dft\simd\sse2\t1fv_5.obj
         x64\Release\dft\simd\sse2\t1fv_6.obj
         x64\Release\dft\simd\sse2\t1fv_64.obj
         x64\Release\dft\simd\sse2\t1fv_7.obj
         x64\Release\dft\simd\sse2\t1fv_8.obj
         x64\Release\dft\simd\sse2\t1fv_9.obj
         x64\Release\dft\simd\sse2\t1sv_16.obj
         x64\Release\dft\simd\sse2\t1sv_2.obj
         x64\Release\dft\simd\sse2\t1sv_32.obj
         x64\Release\dft\simd\sse2\t1sv_4.obj
         x64\Release\dft\simd\sse2\t1sv_8.obj
         x64\Release\dft\simd\sse2\t2bv_10.obj
         x64\Release\dft\simd\sse2\t2bv_16.obj
         x64\Release\dft\simd\sse2\t2bv_2.obj
         x64\Release\dft\simd\sse2\t2bv_20.obj
         x64\Release\dft\simd\sse2\t2bv_25.obj
         x64\Release\dft\simd\sse2\t2bv_32.obj
         x64\Release\dft\simd\sse2\t2bv_4.obj
         x64\Release\dft\simd\sse2\t2bv_5.obj
         x64\Release\dft\simd\sse2\t2bv_64.obj
         x64\Release\dft\simd\sse2\t2bv_8.obj
         x64\Release\dft\simd\sse2\t2fv_10.obj
         x64\Release\dft\simd\sse2\t2fv_16.obj
         x64\Release\dft\simd\sse2\t2fv_2.obj
         x64\Release\dft\simd\sse2\t2fv_20.obj
         x64\Release\dft\simd\sse2\t2fv_25.obj
         x64\Release\dft\simd\sse2\t2fv_32.obj
         x64\Release\dft\simd\sse2\t2fv_4.obj
         x64\Release\dft\simd\sse2\t2fv_5.obj
         x64\Release\dft\simd\sse2\t2fv_64.obj
         x64\Release\dft\simd\sse2\t2fv_8.obj
         x64\Release\dft\simd\sse2\t2sv_16.obj
         x64\Release\dft\simd\sse2\t2sv_32.obj
         x64\Release\dft\simd\sse2\t2sv_4.obj
         x64\Release\dft\simd\sse2\t2sv_8.obj
         x64\Release\dft\simd\sse2\t3bv_10.obj
         x64\Release\dft\simd\sse2\t3bv_16.obj
         x64\Release\dft\simd\sse2\t3bv_20.obj
         x64\Release\dft\simd\sse2\t3bv_25.obj
         x64\Release\dft\simd\sse2\t3bv_32.obj
         x64\Release\dft\simd\sse2\t3bv_4.obj
         x64\Release\dft\simd\sse2\t3bv_5.obj
         x64\Release\dft\simd\sse2\t3bv_8.obj
         x64\Release\dft\simd\sse2\t3fv_10.obj
         x64\Release\dft\simd\sse2\t3fv_16.obj
         x64\Release\dft\simd\sse2\t3fv_20.obj
         x64\Release\dft\simd\sse2\t3fv_25.obj
         x64\Release\dft\simd\sse2\t3fv_32.obj
         x64\Release\dft\simd\sse2\t3fv_4.obj
         x64\Release\dft\simd\sse2\t3fv_5.obj
         x64\Release\dft\simd\sse2\t3fv_8.obj
         x64\Release\kernel\align.obj
         x64\Release\kernel\alloc.obj
         x64\Release\kernel\assert.obj
         x64\Release\kernel\awake.obj
         x64\Release\kernel\buffered.obj
         x64\Release\kernel\cpy1d.obj
         "x64\Release\kernel\cpy2d-pair.obj"
         x64\Release\kernel\cpy2d.obj
         x64\Release\kernel\ct.obj
         x64\Release\kernel\debug.obj
         "x64\Release\kernel\extract-reim.obj"
         x64\Release\kernel\hash.obj
         x64\Release\kernel\iabs.obj
         x64\Release\kernel\kalloc.obj
         "x64\Release\kernel\md5-1.obj"
         x64\Release\kernel\md5.obj
         x64\Release\kernel\minmax.obj
         x64\Release\kernel\ops.obj
         x64\Release\kernel\pickdim.obj
         x64\Release\kernel\plan.obj
         x64\Release\kernel\planner.obj
         x64\Release\kernel\primes.obj
         x64\Release\kernel\print.obj
         x64\Release\kernel\problem.obj
         x64\Release\kernel\rader.obj
         x64\Release\kernel\scan.obj
         x64\Release\kernel\solver.obj
         x64\Release\kernel\solvtab.obj
         x64\Release\kernel\stride.obj
         x64\Release\kernel\tensor.obj
         x64\Release\kernel\tensor1.obj
         x64\Release\kernel\tensor2.obj
         x64\Release\kernel\tensor3.obj
         x64\Release\kernel\tensor4.obj
         x64\Release\kernel\tensor5.obj
         x64\Release\kernel\tensor7.obj
         x64\Release\kernel\tensor8.obj
         x64\Release\kernel\tensor9.obj
         x64\Release\kernel\tile2d.obj
         x64\Release\kernel\timer.obj
         x64\Release\kernel\transpose.obj
         x64\Release\kernel\trig.obj
         x64\Release\kernel\twiddle.obj
         x64\Release\rdft\buffered.obj
         x64\Release\rdft\buffered2.obj
         x64\Release\rdft\conf.obj
         "x64\Release\rdft\ct-hc2c-direct.obj"
         "x64\Release\rdft\ct-hc2c.obj"
         "x64\Release\rdft\dft-r2hc.obj"
         "x64\Release\rdft\dht-r2hc.obj"
         "x64\Release\rdft\dht-rader.obj"
         "x64\Release\rdft\direct-r2c.obj"
         "x64\Release\rdft\direct-r2r.obj"
         x64\Release\rdft\direct2.obj
         x64\Release\rdft\generic.obj
         "x64\Release\rdft\hc2hc-direct.obj"
         "x64\Release\rdft\hc2hc-generic.obj"
         x64\Release\rdft\hc2hc.obj
         x64\Release\rdft\indirect.obj
         x64\Release\rdft\khc2c.obj
         x64\Release\rdft\khc2hc.obj
         x64\Release\rdft\kr2c.obj
         x64\Release\rdft\kr2r.obj
         x64\Release\rdft\nop.obj
         x64\Release\rdft\nop2.obj
         x64\Release\rdft\plan.obj
         x64\Release\rdft\plan2.obj
         x64\Release\rdft\problem.obj
         x64\Release\rdft\problem2.obj
         "x64\Release\rdft\rank-geq2-rdft2.obj"
         "x64\Release\rdft\rank-geq2.obj"
         "x64\Release\rdft\rank0-rdft2.obj"
         x64\Release\rdft\rank0.obj
         "x64\Release\rdft\rdft-dht.obj"
         "x64\Release\rdft\rdft2-inplace-strides.obj"
         "x64\Release\rdft\rdft2-rdft.obj"
         "x64\Release\rdft\rdft2-strides.obj"
         "x64\Release\rdft\rdft2-tensor-max-index.obj"
         x64\Release\rdft\solve.obj
         x64\Release\rdft\solve2.obj
         "x64\Release\rdft\vrank-geq1-rdft2.obj"
         "x64\Release\rdft\vrank-geq1.obj"
         "x64\Release\rdft\vrank3-transpose.obj"
         x64\Release\rdft\scalar\hc2c.obj
         x64\Release\rdft\scalar\hfb.obj
         x64\Release\rdft\scalar\r2c.obj
         x64\Release\rdft\scalar\r2r.obj
         x64\Release\rdft\scalar\r2cb\codlist.obj
         x64\Release\rdft\scalar\r2cb\hb2_16.obj
         x64\Release\rdft\scalar\r2cb\hb2_20.obj
         x64\Release\rdft\scalar\r2cb\hb2_25.obj
         x64\Release\rdft\scalar\r2cb\hb2_32.obj
         x64\Release\rdft\scalar\r2cb\hb2_4.obj
         x64\Release\rdft\scalar\r2cb\hb2_5.obj
         x64\Release\rdft\scalar\r2cb\hb2_8.obj
         x64\Release\rdft\scalar\r2cb\hb_10.obj
         x64\Release\rdft\scalar\r2cb\hb_12.obj
         x64\Release\rdft\scalar\r2cb\hb_15.obj
         x64\Release\rdft\scalar\r2cb\hb_16.obj
         x64\Release\rdft\scalar\r2cb\hb_2.obj
         x64\Release\rdft\scalar\r2cb\hb_20.obj
         x64\Release\rdft\scalar\r2cb\hb_25.obj
         x64\Release\rdft\scalar\r2cb\hb_3.obj
         x64\Release\rdft\scalar\r2cb\hb_32.obj
         x64\Release\rdft\scalar\r2cb\hb_4.obj
         x64\Release\rdft\scalar\r2cb\hb_5.obj
         x64\Release\rdft\scalar\r2cb\hb_6.obj
         x64\Release\rdft\scalar\r2cb\hb_64.obj
         x64\Release\rdft\scalar\r2cb\hb_7.obj
         x64\Release\rdft\scalar\r2cb\hb_8.obj
         x64\Release\rdft\scalar\r2cb\hb_9.obj
         x64\Release\rdft\scalar\r2cb\hc2cb2_16.obj
         x64\Release\rdft\scalar\r2cb\hc2cb2_20.obj
         x64\Release\rdft\scalar\r2cb\hc2cb2_32.obj
         x64\Release\rdft\scalar\r2cb\hc2cb2_4.obj
         x64\Release\rdft\scalar\r2cb\hc2cb2_8.obj
         x64\Release\rdft\scalar\r2cb\hc2cbdft2_16.obj
         x64\Release\rdft\scalar\r2cb\hc2cbdft2_20.obj
         x64\Release\rdft\scalar\r2cb\hc2cbdft2_32.obj
         x64\Release\rdft\scalar\r2cb\hc2cbdft2_4.obj
         x64\Release\rdft\scalar\r2cb\hc2cbdft2_8.obj
         x64\Release\rdft\scalar\r2cb\hc2cbdft_10.obj
         x64\Release\rdft\scalar\r2cb\hc2cbdft_12.obj
         x64\Release\rdft\scalar\r2cb\hc2cbdft_16.obj
         x64\Release\rdft\scalar\r2cb\hc2cbdft_2.obj
         x64\Release\rdft\scalar\r2cb\hc2cbdft_20.obj
         x64\Release\rdft\scalar\r2cb\hc2cbdft_32.obj
         x64\Release\rdft\scalar\r2cb\hc2cbdft_4.obj
         x64\Release\rdft\scalar\r2cb\hc2cbdft_6.obj
         x64\Release\rdft\scalar\r2cb\hc2cbdft_8.obj
         x64\Release\rdft\scalar\r2cb\hc2cb_10.obj
         x64\Release\rdft\scalar\r2cb\hc2cb_12.obj
         x64\Release\rdft\scalar\r2cb\hc2cb_16.obj
         x64\Release\rdft\scalar\r2cb\hc2cb_2.obj
         x64\Release\rdft\scalar\r2cb\hc2cb_20.obj
         x64\Release\rdft\scalar\r2cb\hc2cb_32.obj
         x64\Release\rdft\scalar\r2cb\hc2cb_4.obj
         x64\Release\rdft\scalar\r2cb\hc2cb_6.obj
         x64\Release\rdft\scalar\r2cb\hc2cb_8.obj
         x64\Release\rdft\scalar\r2cb\r2cbIII_10.obj
         x64\Release\rdft\scalar\r2cb\r2cbIII_12.obj
         x64\Release\rdft\scalar\r2cb\r2cbIII_15.obj
         x64\Release\rdft\scalar\r2cb\r2cbIII_16.obj
         x64\Release\rdft\scalar\r2cb\r2cbIII_2.obj
         x64\Release\rdft\scalar\r2cb\r2cbIII_20.obj
         x64\Release\rdft\scalar\r2cb\r2cbIII_25.obj
         x64\Release\rdft\scalar\r2cb\r2cbIII_3.obj
         x64\Release\rdft\scalar\r2cb\r2cbIII_32.obj
         x64\Release\rdft\scalar\r2cb\r2cbIII_4.obj
         x64\Release\rdft\scalar\r2cb\r2cbIII_5.obj
         x64\Release\rdft\scalar\r2cb\r2cbIII_6.obj
         x64\Release\rdft\scalar\r2cb\r2cbIII_64.obj
         x64\Release\rdft\scalar\r2cb\r2cbIII_7.obj
         x64\Release\rdft\scalar\r2cb\r2cbIII_8.obj
         x64\Release\rdft\scalar\r2cb\r2cbIII_9.obj
         x64\Release\rdft\scalar\r2cb\r2cb_10.obj
         x64\Release\rdft\scalar\r2cb\r2cb_11.obj
         x64\Release\rdft\scalar\r2cb\r2cb_12.obj
         x64\Release\rdft\scalar\r2cb\r2cb_128.obj
         x64\Release\rdft\scalar\r2cb\r2cb_13.obj
         x64\Release\rdft\scalar\r2cb\r2cb_14.obj
         x64\Release\rdft\scalar\r2cb\r2cb_15.obj
         x64\Release\rdft\scalar\r2cb\r2cb_16.obj
         x64\Release\rdft\scalar\r2cb\r2cb_2.obj
         x64\Release\rdft\scalar\r2cb\r2cb_20.obj
         x64\Release\rdft\scalar\r2cb\r2cb_25.obj
         x64\Release\rdft\scalar\r2cb\r2cb_3.obj
         x64\Release\rdft\scalar\r2cb\r2cb_32.obj
         x64\Release\rdft\scalar\r2cb\r2cb_4.obj
         x64\Release\rdft\scalar\r2cb\r2cb_5.obj
         x64\Release\rdft\scalar\r2cb\r2cb_6.obj
         x64\Release\rdft\scalar\r2cb\r2cb_64.obj
         x64\Release\rdft\scalar\r2cb\r2cb_7.obj
         x64\Release\rdft\scalar\r2cb\r2cb_8.obj
         x64\Release\rdft\scalar\r2cb\r2cb_9.obj
         x64\Release\rdft\scalar\r2cf\codlist.obj
         x64\Release\rdft\scalar\r2cf\hc2cf2_16.obj
         x64\Release\rdft\scalar\r2cf\hc2cf2_20.obj
         x64\Release\rdft\scalar\r2cf\hc2cf2_32.obj
         x64\Release\rdft\scalar\r2cf\hc2cf2_4.obj
         x64\Release\rdft\scalar\r2cf\hc2cf2_8.obj
         x64\Release\rdft\scalar\r2cf\hc2cfdft2_16.obj
         x64\Release\rdft\scalar\r2cf\hc2cfdft2_20.obj
         x64\Release\rdft\scalar\r2cf\hc2cfdft2_32.obj
         x64\Release\rdft\scalar\r2cf\hc2cfdft2_4.obj
         x64\Release\rdft\scalar\r2cf\hc2cfdft2_8.obj
         x64\Release\rdft\scalar\r2cf\hc2cfdft_10.obj
         x64\Release\rdft\scalar\r2cf\hc2cfdft_12.obj
         x64\Release\rdft\scalar\r2cf\hc2cfdft_16.obj
         x64\Release\rdft\scalar\r2cf\hc2cfdft_2.obj
         x64\Release\rdft\scalar\r2cf\hc2cfdft_20.obj
         x64\Release\rdft\scalar\r2cf\hc2cfdft_32.obj
         x64\Release\rdft\scalar\r2cf\hc2cfdft_4.obj
         x64\Release\rdft\scalar\r2cf\hc2cfdft_6.obj
         x64\Release\rdft\scalar\r2cf\hc2cfdft_8.obj
         x64\Release\rdft\scalar\r2cf\hc2cf_10.obj
         x64\Release\rdft\scalar\r2cf\hc2cf_12.obj
         x64\Release\rdft\scalar\r2cf\hc2cf_16.obj
         x64\Release\rdft\scalar\r2cf\hc2cf_2.obj
         x64\Release\rdft\scalar\r2cf\hc2cf_20.obj
         x64\Release\rdft\scalar\r2cf\hc2cf_32.obj
         x64\Release\rdft\scalar\r2cf\hc2cf_4.obj
         x64\Release\rdft\scalar\r2cf\hc2cf_6.obj
         x64\Release\rdft\scalar\r2cf\hc2cf_8.obj
         x64\Release\rdft\scalar\r2cf\hf2_16.obj
         x64\Release\rdft\scalar\r2cf\hf2_20.obj
         x64\Release\rdft\scalar\r2cf\hf2_25.obj
         x64\Release\rdft\scalar\r2cf\hf2_32.obj
         x64\Release\rdft\scalar\r2cf\hf2_4.obj
         x64\Release\rdft\scalar\r2cf\hf2_5.obj
         x64\Release\rdft\scalar\r2cf\hf2_8.obj
         x64\Release\rdft\scalar\r2cf\hf_10.obj
         x64\Release\rdft\scalar\r2cf\hf_12.obj
         x64\Release\rdft\scalar\r2cf\hf_15.obj
         x64\Release\rdft\scalar\r2cf\hf_16.obj
         x64\Release\rdft\scalar\r2cf\hf_2.obj
         x64\Release\rdft\scalar\r2cf\hf_20.obj
         x64\Release\rdft\scalar\r2cf\hf_25.obj
         x64\Release\rdft\scalar\r2cf\hf_3.obj
         x64\Release\rdft\scalar\r2cf\hf_32.obj
         x64\Release\rdft\scalar\r2cf\hf_4.obj
         x64\Release\rdft\scalar\r2cf\hf_5.obj
         x64\Release\rdft\scalar\r2cf\hf_6.obj
         x64\Release\rdft\scalar\r2cf\hf_64.obj
         x64\Release\rdft\scalar\r2cf\hf_7.obj
         x64\Release\rdft\scalar\r2cf\hf_8.obj
         x64\Release\rdft\scalar\r2cf\hf_9.obj
         x64\Release\rdft\scalar\r2cf\r2cfII_10.obj
         x64\Release\rdft\scalar\r2cf\r2cfII_12.obj
         x64\Release\rdft\scalar\r2cf\r2cfII_15.obj
         x64\Release\rdft\scalar\r2cf\r2cfII_16.obj
         x64\Release\rdft\scalar\r2cf\r2cfII_2.obj
         x64\Release\rdft\scalar\r2cf\r2cfII_20.obj
         x64\Release\rdft\scalar\r2cf\r2cfII_25.obj
         x64\Release\rdft\scalar\r2cf\r2cfII_3.obj
         x64\Release\rdft\scalar\r2cf\r2cfII_32.obj
         x64\Release\rdft\scalar\r2cf\r2cfII_4.obj
         x64\Release\rdft\scalar\r2cf\r2cfII_5.obj
         x64\Release\rdft\scalar\r2cf\r2cfII_6.obj
         x64\Release\rdft\scalar\r2cf\r2cfII_64.obj
         x64\Release\rdft\scalar\r2cf\r2cfII_7.obj
         x64\Release\rdft\scalar\r2cf\r2cfII_8.obj
         x64\Release\rdft\scalar\r2cf\r2cfII_9.obj
         x64\Release\rdft\scalar\r2cf\r2cf_10.obj
         x64\Release\rdft\scalar\r2cf\r2cf_11.obj
         x64\Release\rdft\scalar\r2cf\r2cf_12.obj
         x64\Release\rdft\scalar\r2cf\r2cf_128.obj
         x64\Release\rdft\scalar\r2cf\r2cf_13.obj
         x64\Release\rdft\scalar\r2cf\r2cf_14.obj
         x64\Release\rdft\scalar\r2cf\r2cf_15.obj
         x64\Release\rdft\scalar\r2cf\r2cf_16.obj
         x64\Release\rdft\scalar\r2cf\r2cf_2.obj
         x64\Release\rdft\scalar\r2cf\r2cf_20.obj
         x64\Release\rdft\scalar\r2cf\r2cf_25.obj
         x64\Release\rdft\scalar\r2cf\r2cf_3.obj
         x64\Release\rdft\scalar\r2cf\r2cf_32.obj
         x64\Release\rdft\scalar\r2cf\r2cf_4.obj
         x64\Release\rdft\scalar\r2cf\r2cf_5.obj
         x64\Release\rdft\scalar\r2cf\r2cf_6.obj
         x64\Release\rdft\scalar\r2cf\r2cf_64.obj
         x64\Release\rdft\scalar\r2cf\r2cf_7.obj
         x64\Release\rdft\scalar\r2cf\r2cf_8.obj
         x64\Release\rdft\scalar\r2cf\r2cf_9.obj
         x64\Release\rdft\scalar\r2r\codlist.obj
         x64\Release\rdft\scalar\r2r\e01_8.obj
         x64\Release\rdft\scalar\r2r\e10_8.obj
         x64\Release\rdft\simd\sse2\codlist.obj
         x64\Release\rdft\simd\sse2\genus.obj
         x64\Release\rdft\simd\sse2\hc2cbdftv_10.obj
         x64\Release\rdft\simd\sse2\hc2cbdftv_12.obj
         x64\Release\rdft\simd\sse2\hc2cbdftv_16.obj
         x64\Release\rdft\simd\sse2\hc2cbdftv_2.obj
         x64\Release\rdft\simd\sse2\hc2cbdftv_20.obj
         x64\Release\rdft\simd\sse2\hc2cbdftv_32.obj
         x64\Release\rdft\simd\sse2\hc2cbdftv_4.obj
         x64\Release\rdft\simd\sse2\hc2cbdftv_6.obj
         x64\Release\rdft\simd\sse2\hc2cbdftv_8.obj
         x64\Release\rdft\simd\sse2\hc2cfdftv_10.obj
         x64\Release\rdft\simd\sse2\hc2cfdftv_12.obj
         x64\Release\rdft\simd\sse2\hc2cfdftv_16.obj
         x64\Release\rdft\simd\sse2\hc2cfdftv_2.obj
         x64\Release\rdft\simd\sse2\hc2cfdftv_20.obj
         x64\Release\rdft\simd\sse2\hc2cfdftv_32.obj
         x64\Release\rdft\simd\sse2\hc2cfdftv_4.obj
         x64\Release\rdft\simd\sse2\hc2cfdftv_6.obj
         x64\Release\rdft\simd\sse2\hc2cfdftv_8.obj
         x64\Release\reodft\conf.obj
         "x64\Release\reodft\redft00e-r2hc-pad.obj"
         "x64\Release\reodft\redft00e-r2hc.obj"
         "x64\Release\reodft\reodft00e-splitradix.obj"
         "x64\Release\reodft\reodft010e-r2hc.obj"
         "x64\Release\reodft\reodft11e-r2hc-odd.obj"
         "x64\Release\reodft\reodft11e-r2hc.obj"
         "x64\Release\reodft\reodft11e-radix2.obj"
         "x64\Release\reodft\rodft00e-r2hc-pad.obj"
         "x64\Release\reodft\rodft00e-r2hc.obj"
         "x64\Release\simd-support\sse2-nonportable.obj"
         "x64\Release\simd-support\sse2.obj"
         "x64\Release\simd-support\taint.obj"
         x64\Release\threads\api.obj
         x64\Release\threads\conf.obj
         x64\Release\threads\ct.obj
         "x64\Release\threads\dft-vrank-geq1.obj"
         x64\Release\threads\f77api.obj
         x64\Release\threads\hc2hc.obj
         x64\Release\threads\openmp.obj
         "x64\Release\threads\rdft-vrank-geq1.obj"
         "x64\Release\threads\vrank-geq1-rdft2.obj"
         libfftw-3.3.vcxproj -> C:\bisque\bqserver\bq\features\controllers\extractors\WNDCharm\MSVCLib\WNDCharm-Lib\MSVC2010\WNDCharmLib\x64\Release\libfftw-3.3.lib
       FinalizeBuildStatus:
         Deleting file "x64\Release\libfftw-3.3.unsuccessfulbuild".
         Touching "x64\Release\libfftw-3.3.lastbuildstate".
     1>Done Building Project "c:\bisque\bqserver\bq\features\controllers\extractors\build\MSVCLib\fftw-3.3-Lib\MSVC2010\libfftw-3.3\libfftw-3.3.vcxproj" (build target(s)).

Build succeeded.

Time Elapsed 00:00:01.59
